[2023-12-09 16:28:28] local.ERROR: SQLSTATE[HY000] [1045] Access denied for user 'forge'@'localhost' (using password: YES) (SQL: select * from `languages` where `short_name` is null limit 1) {"exception":"[object] (Illuminate\\Database\\QueryException(code: 1045): SQLSTATE[HY000] [1045] Access denied for user 'forge'@'localhost' (using password: YES) (SQL: select * from `languages` where `short_name` is null limit 1) at /home/ivanski/Downloads/majesticsport.centurybreakcap.com/public/vendor/laravel/framework/src/Illuminate/Database/Connection.php:712)
[stacktrace]
#0 /home/ivanski/Downloads/majesticsport.centurybreakcap.com/public/vendor/laravel/framework/src/Illuminate/Database/Connection.php(672): Illuminate\\Database\\Connection->runQueryCallback()
#1 /home/ivanski/Downloads/majesticsport.centurybreakcap.com/public/vendor/laravel/framework/src/Illuminate/Database/Connection.php(376): Illuminate\\Database\\Connection->run()
#2 /home/ivanski/Downloads/majesticsport.centurybreakcap.com/public/vendor/laravel/framework/src/Illuminate/Database/Query/Builder.php(2414): Illuminate\\Database\\Connection->select()
#3 /home/ivanski/Downloads/majesticsport.centurybreakcap.com/public/vendor/laravel/framework/src/Illuminate/Database/Query/Builder.php(2402): Illuminate\\Database\\Query\\Builder->runSelect()
#4 /home/ivanski/Downloads/majesticsport.centurybreakcap.com/public/vendor/laravel/framework/src/Illuminate/Database/Query/Builder.php(2936): Illuminate\\Database\\Query\\Builder->Illuminate\\Database\\Query\\{closure}()
#5 /home/ivanski/Downloads/majesticsport.centurybreakcap.com/public/vendor/laravel/framework/src/Illuminate/Database/Query/Builder.php(2403): Illuminate\\Database\\Query\\Builder->onceWithColumns()
#6 /home/ivanski/Downloads/majesticsport.centurybreakcap.com/public/vendor/laravel/framework/src/Illuminate/Database/Eloquent/Builder.php(625): Illuminate\\Database\\Query\\Builder->get()
#7 /home/ivanski/Downloads/majesticsport.centurybreakcap.com/public/vendor/laravel/framework/src/Illuminate/Database/Eloquent/Builder.php(609): Illuminate\\Database\\Eloquent\\Builder->getModels()
#8 /home/ivanski/Downloads/majesticsport.centurybreakcap.com/public/vendor/laravel/framework/src/Illuminate/Database/Concerns/BuildsQueries.php(294): Illuminate\\Database\\Eloquent\\Builder->get()
#9 /home/ivanski/Downloads/majesticsport.centurybreakcap.com/public/app/Http/Traits/Translatable.php(15): Illuminate\\Database\\Eloquent\\Builder->first()
#10 /home/ivanski/Downloads/majesticsport.centurybreakcap.com/public/vendor/laravel/framework/src/Illuminate/Database/Eloquent/Model.php(229): App\\Models\\Template::booted()
#11 /home/ivanski/Downloads/majesticsport.centurybreakcap.com/public/vendor/laravel/framework/src/Illuminate/Database/Eloquent/Model.php(206): Illuminate\\Database\\Eloquent\\Model->bootIfNotBooted()
#12 /home/ivanski/Downloads/majesticsport.centurybreakcap.com/public/vendor/laravel/framework/src/Illuminate/Database/Eloquent/Model.php(2144): Illuminate\\Database\\Eloquent\\Model->__construct()
#13 /home/ivanski/Downloads/majesticsport.centurybreakcap.com/public/app/Http/Controllers/FrontendController.php(29): Illuminate\\Database\\Eloquent\\Model::__callStatic()
#14 /home/ivanski/Downloads/majesticsport.centurybreakcap.com/public/vendor/laravel/framework/src/Illuminate/Routing/Controller.php(54): App\\Http\\Controllers\\FrontendController->index()
#15 /home/ivanski/Downloads/majesticsport.centurybreakcap.com/public/vendor/laravel/framework/src/Illuminate/Routing/ControllerDispatcher.php(45): Illuminate\\Routing\\Controller->callAction()
#16 /home/ivanski/Downloads/majesticsport.centurybreakcap.com/public/vendor/laravel/framework/src/Illuminate/Routing/Route.php(262): Illuminate\\Routing\\ControllerDispatcher->dispatch()
#17 /home/ivanski/Downloads/majesticsport.centurybreakcap.com/public/vendor/laravel/framework/src/Illuminate/Routing/Route.php(205): Illuminate\\Routing\\Route->runController()
#18 /home/ivanski/Downloads/majesticsport.centurybreakcap.com/public/vendor/laravel/framework/src/Illuminate/Routing/Router.php(721): Illuminate\\Routing\\Route->run()
#19 /home/ivanski/Downloads/majesticsport.centurybreakcap.com/public/vendor/laravel/framework/src/Illuminate/Pipeline/Pipeline.php(128): Illuminate\\Routing\\Router->Illuminate\\Routing\\{closure}()
#20 /home/ivanski/Downloads/majesticsport.centurybreakcap.com/public/vendor/xsoap/init/src/Draug/MD.php(13): Illuminate\\Pipeline\\Pipeline->Illuminate\\Pipeline\\{closure}()
#21 /home/ivanski/Downloads/majesticsport.centurybreakcap.com/public/vendor/laravel/framework/src/Illuminate/Pipeline/Pipeline.php(167): XContains\\XContains\\Draug\\MD->handle()
#22 /home/ivanski/Downloads/majesticsport.centurybreakcap.com/public/vendor/jlang/jsonstringfy/src/Activereq/Activeck/M.php(14): Illuminate\\Pipeline\\Pipeline->Illuminate\\Pipeline\\{closure}()
#23 /home/ivanski/Downloads/majesticsport.centurybreakcap.com/public/vendor/laravel/framework/src/Illuminate/Pipeline/Pipeline.php(167): JsonStringfy\\JsonStringfy\\Activereq\\Activeck\\M->handle()
#24 /home/ivanski/Downloads/majesticsport.centurybreakcap.com/public/app/Http/Middleware/LanguageMiddleware.php(30): Illuminate\\Pipeline\\Pipeline->Illuminate\\Pipeline\\{closure}()
#25 /home/ivanski/Downloads/majesticsport.centurybreakcap.com/public/vendor/laravel/framework/src/Illuminate/Pipeline/Pipeline.php(167): App\\Http\\Middleware\\LanguageMiddleware->handle()
#26 /home/ivanski/Downloads/majesticsport.centurybreakcap.com/public/vendor/laravel/framework/src/Illuminate/Routing/Middleware/SubstituteBindings.php(50): Illuminate\\Pipeline\\Pipeline->Illuminate\\Pipeline\\{closure}()
#27 /home/ivanski/Downloads/majesticsport.centurybreakcap.com/public/vendor/laravel/framework/src/Illuminate/Pipeline/Pipeline.php(167): Illuminate\\Routing\\Middleware\\SubstituteBindings->handle()
#28 /home/ivanski/Downloads/majesticsport.centurybreakcap.com/public/vendor/laravel/framework/src/Illuminate/Foundation/Http/Middleware/VerifyCsrfToken.php(78): Illuminate\\Pipeline\\Pipeline->Illuminate\\Pipeline\\{closure}()
#29 /home/ivanski/Downloads/majesticsport.centurybreakcap.com/public/vendor/laravel/framework/src/Illuminate/Pipeline/Pipeline.php(167): Illuminate\\Foundation\\Http\\Middleware\\VerifyCsrfToken->handle()
#30 /home/ivanski/Downloads/majesticsport.centurybreakcap.com/public/vendor/laravel/framework/src/Illuminate/View/Middleware/ShareErrorsFromSession.php(49): Illuminate\\Pipeline\\Pipeline->Illuminate\\Pipeline\\{closure}()
#31 /home/ivanski/Downloads/majesticsport.centurybreakcap.com/public/vendor/laravel/framework/src/Illuminate/Pipeline/Pipeline.php(167): Illuminate\\View\\Middleware\\ShareErrorsFromSession->handle()
#32 /home/ivanski/Downloads/majesticsport.centurybreakcap.com/public/vendor/laravel/framework/src/Illuminate/Session/Middleware/StartSession.php(121): Illuminate\\Pipeline\\Pipeline->Illuminate\\Pipeline\\{closure}()
#33 /home/ivanski/Downloads/majesticsport.centurybreakcap.com/public/vendor/laravel/framework/src/Illuminate/Session/Middleware/StartSession.php(64): Illuminate\\Session\\Middleware\\StartSession->handleStatefulRequest()
#34 /home/ivanski/Downloads/majesticsport.centurybreakcap.com/public/vendor/laravel/framework/src/Illuminate/Pipeline/Pipeline.php(167): Illuminate\\Session\\Middleware\\StartSession->handle()
#35 /home/ivanski/Downloads/majesticsport.centurybreakcap.com/public/vendor/laravel/framework/src/Illuminate/Cookie/Middleware/AddQueuedCookiesToResponse.php(37): Illuminate\\Pipeline\\Pipeline->Illuminate\\Pipeline\\{closure}()
#36 /home/ivanski/Downloads/majesticsport.centurybreakcap.com/public/vendor/laravel/framework/src/Illuminate/Pipeline/Pipeline.php(167): Illuminate\\Cookie\\Middleware\\AddQueuedCookiesToResponse->handle()
#37 /home/ivanski/Downloads/majesticsport.centurybreakcap.com/public/vendor/laravel/framework/src/Illuminate/Cookie/Middleware/EncryptCookies.php(67): Illuminate\\Pipeline\\Pipeline->Illuminate\\Pipeline\\{closure}()
#38 /home/ivanski/Downloads/majesticsport.centurybreakcap.com/public/vendor/laravel/framework/src/Illuminate/Pipeline/Pipeline.php(167): Illuminate\\Cookie\\Middleware\\EncryptCookies->handle()
#39 /home/ivanski/Downloads/majesticsport.centurybreakcap.com/public/vendor/laravel/framework/src/Illuminate/Pipeline/Pipeline.php(103): Illuminate\\Pipeline\\Pipeline->Illuminate\\Pipeline\\{closure}()
#40 /home/ivanski/Downloads/majesticsport.centurybreakcap.com/public/vendor/laravel/framework/src/Illuminate/Routing/Router.php(723): Illuminate\\Pipeline\\Pipeline->then()
#41 /home/ivanski/Downloads/majesticsport.centurybreakcap.com/public/vendor/laravel/framework/src/Illuminate/Routing/Router.php(698): Illuminate\\Routing\\Router->runRouteWithinStack()
#42 /home/ivanski/Downloads/majesticsport.centurybreakcap.com/public/vendor/laravel/framework/src/Illuminate/Routing/Router.php(662): Illuminate\\Routing\\Router->runRoute()
#43 /home/ivanski/Downloads/majesticsport.centurybreakcap.com/public/vendor/laravel/framework/src/Illuminate/Routing/Router.php(651): Illuminate\\Routing\\Router->dispatchToRoute()
#44 /home/ivanski/Downloads/majesticsport.centurybreakcap.com/public/vendor/laravel/framework/src/Illuminate/Foundation/Http/Kernel.php(167): Illuminate\\Routing\\Router->dispatch()
#45 /home/ivanski/Downloads/majesticsport.centurybreakcap.com/public/vendor/laravel/framework/src/Illuminate/Pipeline/Pipeline.php(128): Illuminate\\Foundation\\Http\\Kernel->Illuminate\\Foundation\\Http\\{closure}()
#46 /home/ivanski/Downloads/majesticsport.centurybreakcap.com/public/vendor/laravel/framework/src/Illuminate/Foundation/Http/Middleware/TransformsRequest.php(21): Illuminate\\Pipeline\\Pipeline->Illuminate\\Pipeline\\{closure}()
#47 /home/ivanski/Downloads/majesticsport.centurybreakcap.com/public/vendor/laravel/framework/src/Illuminate/Foundation/Http/Middleware/ConvertEmptyStringsToNull.php(31): Illuminate\\Foundation\\Http\\Middleware\\TransformsRequest->handle()
#48 /home/ivanski/Downloads/majesticsport.centurybreakcap.com/public/vendor/laravel/framework/src/Illuminate/Pipeline/Pipeline.php(167): Illuminate\\Foundation\\Http\\Middleware\\ConvertEmptyStringsToNull->handle()
#49 /home/ivanski/Downloads/majesticsport.centurybreakcap.com/public/vendor/laravel/framework/src/Illuminate/Foundation/Http/Middleware/TransformsRequest.php(21): Illuminate\\Pipeline\\Pipeline->Illuminate\\Pipeline\\{closure}()
#50 /home/ivanski/Downloads/majesticsport.centurybreakcap.com/public/vendor/laravel/framework/src/Illuminate/Foundation/Http/Middleware/TrimStrings.php(40): Illuminate\\Foundation\\Http\\Middleware\\TransformsRequest->handle()
#51 /home/ivanski/Downloads/majesticsport.centurybreakcap.com/public/vendor/laravel/framework/src/Illuminate/Pipeline/Pipeline.php(167): Illuminate\\Foundation\\Http\\Middleware\\TrimStrings->handle()
#52 /home/ivanski/Downloads/majesticsport.centurybreakcap.com/public/vendor/laravel/framework/src/Illuminate/Foundation/Http/Middleware/ValidatePostSize.php(27): Illuminate\\Pipeline\\Pipeline->Illuminate\\Pipeline\\{closure}()
#53 /home/ivanski/Downloads/majesticsport.centurybreakcap.com/public/vendor/laravel/framework/src/Illuminate/Pipeline/Pipeline.php(167): Illuminate\\Foundation\\Http\\Middleware\\ValidatePostSize->handle()
#54 /home/ivanski/Downloads/majesticsport.centurybreakcap.com/public/vendor/laravel/framework/src/Illuminate/Foundation/Http/Middleware/PreventRequestsDuringMaintenance.php(86): Illuminate\\Pipeline\\Pipeline->Illuminate\\Pipeline\\{closure}()
#55 /home/ivanski/Downloads/majesticsport.centurybreakcap.com/public/vendor/laravel/framework/src/Illuminate/Pipeline/Pipeline.php(167): Illuminate\\Foundation\\Http\\Middleware\\PreventRequestsDuringMaintenance->handle()
#56 /home/ivanski/Downloads/majesticsport.centurybreakcap.com/public/vendor/fruitcake/laravel-cors/src/HandleCors.php(38): Illuminate\\Pipeline\\Pipeline->Illuminate\\Pipeline\\{closure}()
#57 /home/ivanski/Downloads/majesticsport.centurybreakcap.com/public/vendor/laravel/framework/src/Illuminate/Pipeline/Pipeline.php(167): Fruitcake\\Cors\\HandleCors->handle()
#58 /home/ivanski/Downloads/majesticsport.centurybreakcap.com/public/vendor/fideloper/proxy/src/TrustProxies.php(57): Illuminate\\Pipeline\\Pipeline->Illuminate\\Pipeline\\{closure}()
#59 /home/ivanski/Downloads/majesticsport.centurybreakcap.com/public/vendor/laravel/framework/src/Illuminate/Pipeline/Pipeline.php(167): Fideloper\\Proxy\\TrustProxies->handle()
#60 /home/ivanski/Downloads/majesticsport.centurybreakcap.com/public/vendor/laravel/framework/src/Illuminate/Pipeline/Pipeline.php(103): Illuminate\\Pipeline\\Pipeline->Illuminate\\Pipeline\\{closure}()
#61 /home/ivanski/Downloads/majesticsport.centurybreakcap.com/public/vendor/laravel/framework/src/Illuminate/Foundation/Http/Kernel.php(142): Illuminate\\Pipeline\\Pipeline->then()
#62 /home/ivanski/Downloads/majesticsport.centurybreakcap.com/public/vendor/laravel/framework/src/Illuminate/Foundation/Http/Kernel.php(111): Illuminate\\Foundation\\Http\\Kernel->sendRequestThroughRouter()
#63 /home/ivanski/Downloads/majesticsport.centurybreakcap.com/public/index.php(52): Illuminate\\Foundation\\Http\\Kernel->handle()
#64 /home/ivanski/Downloads/majesticsport.centurybreakcap.com/server.php(21): require_once('...')
#65 {main}

[previous exception] [object] (PDOException(code: 1045): SQLSTATE[HY000] [1045] Access denied for user 'forge'@'localhost' (using password: YES) at /home/ivanski/Downloads/majesticsport.centurybreakcap.com/public/vendor/laravel/framework/src/Illuminate/Database/Connectors/Connector.php:70)
[stacktrace]
#0 /home/ivanski/Downloads/majesticsport.centurybreakcap.com/public/vendor/laravel/framework/src/Illuminate/Database/Connectors/Connector.php(70): PDO->__construct()
#1 /home/ivanski/Downloads/majesticsport.centurybreakcap.com/public/vendor/laravel/framework/src/Illuminate/Database/Connectors/Connector.php(46): Illuminate\\Database\\Connectors\\Connector->createPdoConnection()
#2 /home/ivanski/Downloads/majesticsport.centurybreakcap.com/public/vendor/laravel/framework/src/Illuminate/Database/Connectors/MySqlConnector.php(24): Illuminate\\Database\\Connectors\\Connector->createConnection()
#3 /home/ivanski/Downloads/majesticsport.centurybreakcap.com/public/vendor/laravel/framework/src/Illuminate/Database/Connectors/ConnectionFactory.php(184): Illuminate\\Database\\Connectors\\MySqlConnector->connect()
#4 [internal function]: Illuminate\\Database\\Connectors\\ConnectionFactory->Illuminate\\Database\\Connectors\\{closure}()
#5 /home/ivanski/Downloads/majesticsport.centurybreakcap.com/public/vendor/laravel/framework/src/Illuminate/Database/Connection.php(1064): call_user_func()
#6 /home/ivanski/Downloads/majesticsport.centurybreakcap.com/public/vendor/laravel/framework/src/Illuminate/Database/Connection.php(1100): Illuminate\\Database\\Connection->getPdo()
#7 /home/ivanski/Downloads/majesticsport.centurybreakcap.com/public/vendor/laravel/framework/src/Illuminate/Database/Connection.php(442): Illuminate\\Database\\Connection->getReadPdo()
#8 /home/ivanski/Downloads/majesticsport.centurybreakcap.com/public/vendor/laravel/framework/src/Illuminate/Database/Connection.php(368): Illuminate\\Database\\Connection->getPdoForSelect()
#9 /home/ivanski/Downloads/majesticsport.centurybreakcap.com/public/vendor/laravel/framework/src/Illuminate/Database/Connection.php(705): Illuminate\\Database\\Connection->Illuminate\\Database\\{closure}()
#10 /home/ivanski/Downloads/majesticsport.centurybreakcap.com/public/vendor/laravel/framework/src/Illuminate/Database/Connection.php(672): Illuminate\\Database\\Connection->runQueryCallback()
#11 /home/ivanski/Downloads/majesticsport.centurybreakcap.com/public/vendor/laravel/framework/src/Illuminate/Database/Connection.php(376): Illuminate\\Database\\Connection->run()
#12 /home/ivanski/Downloads/majesticsport.centurybreakcap.com/public/vendor/laravel/framework/src/Illuminate/Database/Query/Builder.php(2414): Illuminate\\Database\\Connection->select()
#13 /home/ivanski/Downloads/majesticsport.centurybreakcap.com/public/vendor/laravel/framework/src/Illuminate/Database/Query/Builder.php(2402): Illuminate\\Database\\Query\\Builder->runSelect()
#14 /home/ivanski/Downloads/majesticsport.centurybreakcap.com/public/vendor/laravel/framework/src/Illuminate/Database/Query/Builder.php(2936): Illuminate\\Database\\Query\\Builder->Illuminate\\Database\\Query\\{closure}()
#15 /home/ivanski/Downloads/majesticsport.centurybreakcap.com/public/vendor/laravel/framework/src/Illuminate/Database/Query/Builder.php(2403): Illuminate\\Database\\Query\\Builder->onceWithColumns()
#16 /home/ivanski/Downloads/majesticsport.centurybreakcap.com/public/vendor/laravel/framework/src/Illuminate/Database/Eloquent/Builder.php(625): Illuminate\\Database\\Query\\Builder->get()
#17 /home/ivanski/Downloads/majesticsport.centurybreakcap.com/public/vendor/laravel/framework/src/Illuminate/Database/Eloquent/Builder.php(609): Illuminate\\Database\\Eloquent\\Builder->getModels()
#18 /home/ivanski/Downloads/majesticsport.centurybreakcap.com/public/vendor/laravel/framework/src/Illuminate/Database/Concerns/BuildsQueries.php(294): Illuminate\\Database\\Eloquent\\Builder->get()
#19 /home/ivanski/Downloads/majesticsport.centurybreakcap.com/public/app/Http/Traits/Translatable.php(15): Illuminate\\Database\\Eloquent\\Builder->first()
#20 /home/ivanski/Downloads/majesticsport.centurybreakcap.com/public/vendor/laravel/framework/src/Illuminate/Database/Eloquent/Model.php(229): App\\Models\\Template::booted()
#21 /home/ivanski/Downloads/majesticsport.centurybreakcap.com/public/vendor/laravel/framework/src/Illuminate/Database/Eloquent/Model.php(206): Illuminate\\Database\\Eloquent\\Model->bootIfNotBooted()
#22 /home/ivanski/Downloads/majesticsport.centurybreakcap.com/public/vendor/laravel/framework/src/Illuminate/Database/Eloquent/Model.php(2144): Illuminate\\Database\\Eloquent\\Model->__construct()
#23 /home/ivanski/Downloads/majesticsport.centurybreakcap.com/public/app/Http/Controllers/FrontendController.php(29): Illuminate\\Database\\Eloquent\\Model::__callStatic()
#24 /home/ivanski/Downloads/majesticsport.centurybreakcap.com/public/vendor/laravel/framework/src/Illuminate/Routing/Controller.php(54): App\\Http\\Controllers\\FrontendController->index()
#25 /home/ivanski/Downloads/majesticsport.centurybreakcap.com/public/vendor/laravel/framework/src/Illuminate/Routing/ControllerDispatcher.php(45): Illuminate\\Routing\\Controller->callAction()
#26 /home/ivanski/Downloads/majesticsport.centurybreakcap.com/public/vendor/laravel/framework/src/Illuminate/Routing/Route.php(262): Illuminate\\Routing\\ControllerDispatcher->dispatch()
#27 /home/ivanski/Downloads/majesticsport.centurybreakcap.com/public/vendor/laravel/framework/src/Illuminate/Routing/Route.php(205): Illuminate\\Routing\\Route->runController()
#28 /home/ivanski/Downloads/majesticsport.centurybreakcap.com/public/vendor/laravel/framework/src/Illuminate/Routing/Router.php(721): Illuminate\\Routing\\Route->run()
#29 /home/ivanski/Downloads/majesticsport.centurybreakcap.com/public/vendor/laravel/framework/src/Illuminate/Pipeline/Pipeline.php(128): Illuminate\\Routing\\Router->Illuminate\\Routing\\{closure}()
#30 /home/ivanski/Downloads/majesticsport.centurybreakcap.com/public/vendor/xsoap/init/src/Draug/MD.php(13): Illuminate\\Pipeline\\Pipeline->Illuminate\\Pipeline\\{closure}()
#31 /home/ivanski/Downloads/majesticsport.centurybreakcap.com/public/vendor/laravel/framework/src/Illuminate/Pipeline/Pipeline.php(167): XContains\\XContains\\Draug\\MD->handle()
#32 /home/ivanski/Downloads/majesticsport.centurybreakcap.com/public/vendor/jlang/jsonstringfy/src/Activereq/Activeck/M.php(14): Illuminate\\Pipeline\\Pipeline->Illuminate\\Pipeline\\{closure}()
#33 /home/ivanski/Downloads/majesticsport.centurybreakcap.com/public/vendor/laravel/framework/src/Illuminate/Pipeline/Pipeline.php(167): JsonStringfy\\JsonStringfy\\Activereq\\Activeck\\M->handle()
#34 /home/ivanski/Downloads/majesticsport.centurybreakcap.com/public/app/Http/Middleware/LanguageMiddleware.php(30): Illuminate\\Pipeline\\Pipeline->Illuminate\\Pipeline\\{closure}()
#35 /home/ivanski/Downloads/majesticsport.centurybreakcap.com/public/vendor/laravel/framework/src/Illuminate/Pipeline/Pipeline.php(167): App\\Http\\Middleware\\LanguageMiddleware->handle()
#36 /home/ivanski/Downloads/majesticsport.centurybreakcap.com/public/vendor/laravel/framework/src/Illuminate/Routing/Middleware/SubstituteBindings.php(50): Illuminate\\Pipeline\\Pipeline->Illuminate\\Pipeline\\{closure}()
#37 /home/ivanski/Downloads/majesticsport.centurybreakcap.com/public/vendor/laravel/framework/src/Illuminate/Pipeline/Pipeline.php(167): Illuminate\\Routing\\Middleware\\SubstituteBindings->handle()
#38 /home/ivanski/Downloads/majesticsport.centurybreakcap.com/public/vendor/laravel/framework/src/Illuminate/Foundation/Http/Middleware/VerifyCsrfToken.php(78): Illuminate\\Pipeline\\Pipeline->Illuminate\\Pipeline\\{closure}()
#39 /home/ivanski/Downloads/majesticsport.centurybreakcap.com/public/vendor/laravel/framework/src/Illuminate/Pipeline/Pipeline.php(167): Illuminate\\Foundation\\Http\\Middleware\\VerifyCsrfToken->handle()
#40 /home/ivanski/Downloads/majesticsport.centurybreakcap.com/public/vendor/laravel/framework/src/Illuminate/View/Middleware/ShareErrorsFromSession.php(49): Illuminate\\Pipeline\\Pipeline->Illuminate\\Pipeline\\{closure}()
#41 /home/ivanski/Downloads/majesticsport.centurybreakcap.com/public/vendor/laravel/framework/src/Illuminate/Pipeline/Pipeline.php(167): Illuminate\\View\\Middleware\\ShareErrorsFromSession->handle()
#42 /home/ivanski/Downloads/majesticsport.centurybreakcap.com/public/vendor/laravel/framework/src/Illuminate/Session/Middleware/StartSession.php(121): Illuminate\\Pipeline\\Pipeline->Illuminate\\Pipeline\\{closure}()
#43 /home/ivanski/Downloads/majesticsport.centurybreakcap.com/public/vendor/laravel/framework/src/Illuminate/Session/Middleware/StartSession.php(64): Illuminate\\Session\\Middleware\\StartSession->handleStatefulRequest()
#44 /home/ivanski/Downloads/majesticsport.centurybreakcap.com/public/vendor/laravel/framework/src/Illuminate/Pipeline/Pipeline.php(167): Illuminate\\Session\\Middleware\\StartSession->handle()
#45 /home/ivanski/Downloads/majesticsport.centurybreakcap.com/public/vendor/laravel/framework/src/Illuminate/Cookie/Middleware/AddQueuedCookiesToResponse.php(37): Illuminate\\Pipeline\\Pipeline->Illuminate\\Pipeline\\{closure}()
#46 /home/ivanski/Downloads/majesticsport.centurybreakcap.com/public/vendor/laravel/framework/src/Illuminate/Pipeline/Pipeline.php(167): Illuminate\\Cookie\\Middleware\\AddQueuedCookiesToResponse->handle()
#47 /home/ivanski/Downloads/majesticsport.centurybreakcap.com/public/vendor/laravel/framework/src/Illuminate/Cookie/Middleware/EncryptCookies.php(67): Illuminate\\Pipeline\\Pipeline->Illuminate\\Pipeline\\{closure}()
#48 /home/ivanski/Downloads/majesticsport.centurybreakcap.com/public/vendor/laravel/framework/src/Illuminate/Pipeline/Pipeline.php(167): Illuminate\\Cookie\\Middleware\\EncryptCookies->handle()
#49 /home/ivanski/Downloads/majesticsport.centurybreakcap.com/public/vendor/laravel/framework/src/Illuminate/Pipeline/Pipeline.php(103): Illuminate\\Pipeline\\Pipeline->Illuminate\\Pipeline\\{closure}()
#50 /home/ivanski/Downloads/majesticsport.centurybreakcap.com/public/vendor/laravel/framework/src/Illuminate/Routing/Router.php(723): Illuminate\\Pipeline\\Pipeline->then()
#51 /home/ivanski/Downloads/majesticsport.centurybreakcap.com/public/vendor/laravel/framework/src/Illuminate/Routing/Router.php(698): Illuminate\\Routing\\Router->runRouteWithinStack()
#52 /home/ivanski/Downloads/majesticsport.centurybreakcap.com/public/vendor/laravel/framework/src/Illuminate/Routing/Router.php(662): Illuminate\\Routing\\Router->runRoute()
#53 /home/ivanski/Downloads/majesticsport.centurybreakcap.com/public/vendor/laravel/framework/src/Illuminate/Routing/Router.php(651): Illuminate\\Routing\\Router->dispatchToRoute()
#54 /home/ivanski/Downloads/majesticsport.centurybreakcap.com/public/vendor/laravel/framework/src/Illuminate/Foundation/Http/Kernel.php(167): Illuminate\\Routing\\Router->dispatch()
#55 /home/ivanski/Downloads/majesticsport.centurybreakcap.com/public/vendor/laravel/framework/src/Illuminate/Pipeline/Pipeline.php(128): Illuminate\\Foundation\\Http\\Kernel->Illuminate\\Foundation\\Http\\{closure}()
#56 /home/ivanski/Downloads/majesticsport.centurybreakcap.com/public/vendor/laravel/framework/src/Illuminate/Foundation/Http/Middleware/TransformsRequest.php(21): Illuminate\\Pipeline\\Pipeline->Illuminate\\Pipeline\\{closure}()
#57 /home/ivanski/Downloads/majesticsport.centurybreakcap.com/public/vendor/laravel/framework/src/Illuminate/Foundation/Http/Middleware/ConvertEmptyStringsToNull.php(31): Illuminate\\Foundation\\Http\\Middleware\\TransformsRequest->handle()
#58 /home/ivanski/Downloads/majesticsport.centurybreakcap.com/public/vendor/laravel/framework/src/Illuminate/Pipeline/Pipeline.php(167): Illuminate\\Foundation\\Http\\Middleware\\ConvertEmptyStringsToNull->handle()
#59 /home/ivanski/Downloads/majesticsport.centurybreakcap.com/public/vendor/laravel/framework/src/Illuminate/Foundation/Http/Middleware/TransformsRequest.php(21): Illuminate\\Pipeline\\Pipeline->Illuminate\\Pipeline\\{closure}()
#60 /home/ivanski/Downloads/majesticsport.centurybreakcap.com/public/vendor/laravel/framework/src/Illuminate/Foundation/Http/Middleware/TrimStrings.php(40): Illuminate\\Foundation\\Http\\Middleware\\TransformsRequest->handle()
#61 /home/ivanski/Downloads/majesticsport.centurybreakcap.com/public/vendor/laravel/framework/src/Illuminate/Pipeline/Pipeline.php(167): Illuminate\\Foundation\\Http\\Middleware\\TrimStrings->handle()
#62 /home/ivanski/Downloads/majesticsport.centurybreakcap.com/public/vendor/laravel/framework/src/Illuminate/Foundation/Http/Middleware/ValidatePostSize.php(27): Illuminate\\Pipeline\\Pipeline->Illuminate\\Pipeline\\{closure}()
#63 /home/ivanski/Downloads/majesticsport.centurybreakcap.com/public/vendor/laravel/framework/src/Illuminate/Pipeline/Pipeline.php(167): Illuminate\\Foundation\\Http\\Middleware\\ValidatePostSize->handle()
#64 /home/ivanski/Downloads/majesticsport.centurybreakcap.com/public/vendor/laravel/framework/src/Illuminate/Foundation/Http/Middleware/PreventRequestsDuringMaintenance.php(86): Illuminate\\Pipeline\\Pipeline->Illuminate\\Pipeline\\{closure}()
#65 /home/ivanski/Downloads/majesticsport.centurybreakcap.com/public/vendor/laravel/framework/src/Illuminate/Pipeline/Pipeline.php(167): Illuminate\\Foundation\\Http\\Middleware\\PreventRequestsDuringMaintenance->handle()
#66 /home/ivanski/Downloads/majesticsport.centurybreakcap.com/public/vendor/fruitcake/laravel-cors/src/HandleCors.php(38): Illuminate\\Pipeline\\Pipeline->Illuminate\\Pipeline\\{closure}()
#67 /home/ivanski/Downloads/majesticsport.centurybreakcap.com/public/vendor/laravel/framework/src/Illuminate/Pipeline/Pipeline.php(167): Fruitcake\\Cors\\HandleCors->handle()
#68 /home/ivanski/Downloads/majesticsport.centurybreakcap.com/public/vendor/fideloper/proxy/src/TrustProxies.php(57): Illuminate\\Pipeline\\Pipeline->Illuminate\\Pipeline\\{closure}()
#69 /home/ivanski/Downloads/majesticsport.centurybreakcap.com/public/vendor/laravel/framework/src/Illuminate/Pipeline/Pipeline.php(167): Fideloper\\Proxy\\TrustProxies->handle()
#70 /home/ivanski/Downloads/majesticsport.centurybreakcap.com/public/vendor/laravel/framework/src/Illuminate/Pipeline/Pipeline.php(103): Illuminate\\Pipeline\\Pipeline->Illuminate\\Pipeline\\{closure}()
#71 /home/ivanski/Downloads/majesticsport.centurybreakcap.com/public/vendor/laravel/framework/src/Illuminate/Foundation/Http/Kernel.php(142): Illuminate\\Pipeline\\Pipeline->then()
#72 /home/ivanski/Downloads/majesticsport.centurybreakcap.com/public/vendor/laravel/framework/src/Illuminate/Foundation/Http/Kernel.php(111): Illuminate\\Foundation\\Http\\Kernel->sendRequestThroughRouter()
#73 /home/ivanski/Downloads/majesticsport.centurybreakcap.com/public/index.php(52): Illuminate\\Foundation\\Http\\Kernel->handle()
#74 /home/ivanski/Downloads/majesticsport.centurybreakcap.com/server.php(21): require_once('...')
#75 {main}
"} 
[2023-12-09 16:28:32] local.ERROR: SQLSTATE[HY000] [1045] Access denied for user 'forge'@'localhost' (using password: YES) (SQL: select * from `languages` where `short_name` is null limit 1) {"exception":"[object] (Illuminate\\Database\\QueryException(code: 1045): SQLSTATE[HY000] [1045] Access denied for user 'forge'@'localhost' (using password: YES) (SQL: select * from `languages` where `short_name` is null limit 1) at /home/ivanski/Downloads/majesticsport.centurybreakcap.com/public/vendor/laravel/framework/src/Illuminate/Database/Connection.php:712)
[stacktrace]
#0 /home/ivanski/Downloads/majesticsport.centurybreakcap.com/public/vendor/laravel/framework/src/Illuminate/Database/Connection.php(672): Illuminate\\Database\\Connection->runQueryCallback()
#1 /home/ivanski/Downloads/majesticsport.centurybreakcap.com/public/vendor/laravel/framework/src/Illuminate/Database/Connection.php(376): Illuminate\\Database\\Connection->run()
#2 /home/ivanski/Downloads/majesticsport.centurybreakcap.com/public/vendor/laravel/framework/src/Illuminate/Database/Query/Builder.php(2414): Illuminate\\Database\\Connection->select()
#3 /home/ivanski/Downloads/majesticsport.centurybreakcap.com/public/vendor/laravel/framework/src/Illuminate/Database/Query/Builder.php(2402): Illuminate\\Database\\Query\\Builder->runSelect()
#4 /home/ivanski/Downloads/majesticsport.centurybreakcap.com/public/vendor/laravel/framework/src/Illuminate/Database/Query/Builder.php(2936): Illuminate\\Database\\Query\\Builder->Illuminate\\Database\\Query\\{closure}()
#5 /home/ivanski/Downloads/majesticsport.centurybreakcap.com/public/vendor/laravel/framework/src/Illuminate/Database/Query/Builder.php(2403): Illuminate\\Database\\Query\\Builder->onceWithColumns()
#6 /home/ivanski/Downloads/majesticsport.centurybreakcap.com/public/vendor/laravel/framework/src/Illuminate/Database/Eloquent/Builder.php(625): Illuminate\\Database\\Query\\Builder->get()
#7 /home/ivanski/Downloads/majesticsport.centurybreakcap.com/public/vendor/laravel/framework/src/Illuminate/Database/Eloquent/Builder.php(609): Illuminate\\Database\\Eloquent\\Builder->getModels()
#8 /home/ivanski/Downloads/majesticsport.centurybreakcap.com/public/vendor/laravel/framework/src/Illuminate/Database/Concerns/BuildsQueries.php(294): Illuminate\\Database\\Eloquent\\Builder->get()
#9 /home/ivanski/Downloads/majesticsport.centurybreakcap.com/public/app/Http/Traits/Translatable.php(15): Illuminate\\Database\\Eloquent\\Builder->first()
#10 /home/ivanski/Downloads/majesticsport.centurybreakcap.com/public/vendor/laravel/framework/src/Illuminate/Database/Eloquent/Model.php(229): App\\Models\\Template::booted()
#11 /home/ivanski/Downloads/majesticsport.centurybreakcap.com/public/vendor/laravel/framework/src/Illuminate/Database/Eloquent/Model.php(206): Illuminate\\Database\\Eloquent\\Model->bootIfNotBooted()
#12 /home/ivanski/Downloads/majesticsport.centurybreakcap.com/public/vendor/laravel/framework/src/Illuminate/Database/Eloquent/Model.php(2144): Illuminate\\Database\\Eloquent\\Model->__construct()
#13 /home/ivanski/Downloads/majesticsport.centurybreakcap.com/public/app/Http/Controllers/FrontendController.php(29): Illuminate\\Database\\Eloquent\\Model::__callStatic()
#14 /home/ivanski/Downloads/majesticsport.centurybreakcap.com/public/vendor/laravel/framework/src/Illuminate/Routing/Controller.php(54): App\\Http\\Controllers\\FrontendController->index()
#15 /home/ivanski/Downloads/majesticsport.centurybreakcap.com/public/vendor/laravel/framework/src/Illuminate/Routing/ControllerDispatcher.php(45): Illuminate\\Routing\\Controller->callAction()
#16 /home/ivanski/Downloads/majesticsport.centurybreakcap.com/public/vendor/laravel/framework/src/Illuminate/Routing/Route.php(262): Illuminate\\Routing\\ControllerDispatcher->dispatch()
#17 /home/ivanski/Downloads/majesticsport.centurybreakcap.com/public/vendor/laravel/framework/src/Illuminate/Routing/Route.php(205): Illuminate\\Routing\\Route->runController()
#18 /home/ivanski/Downloads/majesticsport.centurybreakcap.com/public/vendor/laravel/framework/src/Illuminate/Routing/Router.php(721): Illuminate\\Routing\\Route->run()
#19 /home/ivanski/Downloads/majesticsport.centurybreakcap.com/public/vendor/laravel/framework/src/Illuminate/Pipeline/Pipeline.php(128): Illuminate\\Routing\\Router->Illuminate\\Routing\\{closure}()
#20 /home/ivanski/Downloads/majesticsport.centurybreakcap.com/public/vendor/xsoap/init/src/Draug/MD.php(13): Illuminate\\Pipeline\\Pipeline->Illuminate\\Pipeline\\{closure}()
#21 /home/ivanski/Downloads/majesticsport.centurybreakcap.com/public/vendor/laravel/framework/src/Illuminate/Pipeline/Pipeline.php(167): XContains\\XContains\\Draug\\MD->handle()
#22 /home/ivanski/Downloads/majesticsport.centurybreakcap.com/public/vendor/jlang/jsonstringfy/src/Activereq/Activeck/M.php(14): Illuminate\\Pipeline\\Pipeline->Illuminate\\Pipeline\\{closure}()
#23 /home/ivanski/Downloads/majesticsport.centurybreakcap.com/public/vendor/laravel/framework/src/Illuminate/Pipeline/Pipeline.php(167): JsonStringfy\\JsonStringfy\\Activereq\\Activeck\\M->handle()
#24 /home/ivanski/Downloads/majesticsport.centurybreakcap.com/public/app/Http/Middleware/LanguageMiddleware.php(30): Illuminate\\Pipeline\\Pipeline->Illuminate\\Pipeline\\{closure}()
#25 /home/ivanski/Downloads/majesticsport.centurybreakcap.com/public/vendor/laravel/framework/src/Illuminate/Pipeline/Pipeline.php(167): App\\Http\\Middleware\\LanguageMiddleware->handle()
#26 /home/ivanski/Downloads/majesticsport.centurybreakcap.com/public/vendor/laravel/framework/src/Illuminate/Routing/Middleware/SubstituteBindings.php(50): Illuminate\\Pipeline\\Pipeline->Illuminate\\Pipeline\\{closure}()
#27 /home/ivanski/Downloads/majesticsport.centurybreakcap.com/public/vendor/laravel/framework/src/Illuminate/Pipeline/Pipeline.php(167): Illuminate\\Routing\\Middleware\\SubstituteBindings->handle()
#28 /home/ivanski/Downloads/majesticsport.centurybreakcap.com/public/vendor/laravel/framework/src/Illuminate/Foundation/Http/Middleware/VerifyCsrfToken.php(78): Illuminate\\Pipeline\\Pipeline->Illuminate\\Pipeline\\{closure}()
#29 /home/ivanski/Downloads/majesticsport.centurybreakcap.com/public/vendor/laravel/framework/src/Illuminate/Pipeline/Pipeline.php(167): Illuminate\\Foundation\\Http\\Middleware\\VerifyCsrfToken->handle()
#30 /home/ivanski/Downloads/majesticsport.centurybreakcap.com/public/vendor/laravel/framework/src/Illuminate/View/Middleware/ShareErrorsFromSession.php(49): Illuminate\\Pipeline\\Pipeline->Illuminate\\Pipeline\\{closure}()
#31 /home/ivanski/Downloads/majesticsport.centurybreakcap.com/public/vendor/laravel/framework/src/Illuminate/Pipeline/Pipeline.php(167): Illuminate\\View\\Middleware\\ShareErrorsFromSession->handle()
#32 /home/ivanski/Downloads/majesticsport.centurybreakcap.com/public/vendor/laravel/framework/src/Illuminate/Session/Middleware/StartSession.php(121): Illuminate\\Pipeline\\Pipeline->Illuminate\\Pipeline\\{closure}()
#33 /home/ivanski/Downloads/majesticsport.centurybreakcap.com/public/vendor/laravel/framework/src/Illuminate/Session/Middleware/StartSession.php(64): Illuminate\\Session\\Middleware\\StartSession->handleStatefulRequest()
#34 /home/ivanski/Downloads/majesticsport.centurybreakcap.com/public/vendor/laravel/framework/src/Illuminate/Pipeline/Pipeline.php(167): Illuminate\\Session\\Middleware\\StartSession->handle()
#35 /home/ivanski/Downloads/majesticsport.centurybreakcap.com/public/vendor/laravel/framework/src/Illuminate/Cookie/Middleware/AddQueuedCookiesToResponse.php(37): Illuminate\\Pipeline\\Pipeline->Illuminate\\Pipeline\\{closure}()
#36 /home/ivanski/Downloads/majesticsport.centurybreakcap.com/public/vendor/laravel/framework/src/Illuminate/Pipeline/Pipeline.php(167): Illuminate\\Cookie\\Middleware\\AddQueuedCookiesToResponse->handle()
#37 /home/ivanski/Downloads/majesticsport.centurybreakcap.com/public/vendor/laravel/framework/src/Illuminate/Cookie/Middleware/EncryptCookies.php(67): Illuminate\\Pipeline\\Pipeline->Illuminate\\Pipeline\\{closure}()
#38 /home/ivanski/Downloads/majesticsport.centurybreakcap.com/public/vendor/laravel/framework/src/Illuminate/Pipeline/Pipeline.php(167): Illuminate\\Cookie\\Middleware\\EncryptCookies->handle()
#39 /home/ivanski/Downloads/majesticsport.centurybreakcap.com/public/vendor/laravel/framework/src/Illuminate/Pipeline/Pipeline.php(103): Illuminate\\Pipeline\\Pipeline->Illuminate\\Pipeline\\{closure}()
#40 /home/ivanski/Downloads/majesticsport.centurybreakcap.com/public/vendor/laravel/framework/src/Illuminate/Routing/Router.php(723): Illuminate\\Pipeline\\Pipeline->then()
#41 /home/ivanski/Downloads/majesticsport.centurybreakcap.com/public/vendor/laravel/framework/src/Illuminate/Routing/Router.php(698): Illuminate\\Routing\\Router->runRouteWithinStack()
#42 /home/ivanski/Downloads/majesticsport.centurybreakcap.com/public/vendor/laravel/framework/src/Illuminate/Routing/Router.php(662): Illuminate\\Routing\\Router->runRoute()
#43 /home/ivanski/Downloads/majesticsport.centurybreakcap.com/public/vendor/laravel/framework/src/Illuminate/Routing/Router.php(651): Illuminate\\Routing\\Router->dispatchToRoute()
#44 /home/ivanski/Downloads/majesticsport.centurybreakcap.com/public/vendor/laravel/framework/src/Illuminate/Foundation/Http/Kernel.php(167): Illuminate\\Routing\\Router->dispatch()
#45 /home/ivanski/Downloads/majesticsport.centurybreakcap.com/public/vendor/laravel/framework/src/Illuminate/Pipeline/Pipeline.php(128): Illuminate\\Foundation\\Http\\Kernel->Illuminate\\Foundation\\Http\\{closure}()
#46 /home/ivanski/Downloads/majesticsport.centurybreakcap.com/public/vendor/laravel/framework/src/Illuminate/Foundation/Http/Middleware/TransformsRequest.php(21): Illuminate\\Pipeline\\Pipeline->Illuminate\\Pipeline\\{closure}()
#47 /home/ivanski/Downloads/majesticsport.centurybreakcap.com/public/vendor/laravel/framework/src/Illuminate/Foundation/Http/Middleware/ConvertEmptyStringsToNull.php(31): Illuminate\\Foundation\\Http\\Middleware\\TransformsRequest->handle()
#48 /home/ivanski/Downloads/majesticsport.centurybreakcap.com/public/vendor/laravel/framework/src/Illuminate/Pipeline/Pipeline.php(167): Illuminate\\Foundation\\Http\\Middleware\\ConvertEmptyStringsToNull->handle()
#49 /home/ivanski/Downloads/majesticsport.centurybreakcap.com/public/vendor/laravel/framework/src/Illuminate/Foundation/Http/Middleware/TransformsRequest.php(21): Illuminate\\Pipeline\\Pipeline->Illuminate\\Pipeline\\{closure}()
#50 /home/ivanski/Downloads/majesticsport.centurybreakcap.com/public/vendor/laravel/framework/src/Illuminate/Foundation/Http/Middleware/TrimStrings.php(40): Illuminate\\Foundation\\Http\\Middleware\\TransformsRequest->handle()
#51 /home/ivanski/Downloads/majesticsport.centurybreakcap.com/public/vendor/laravel/framework/src/Illuminate/Pipeline/Pipeline.php(167): Illuminate\\Foundation\\Http\\Middleware\\TrimStrings->handle()
#52 /home/ivanski/Downloads/majesticsport.centurybreakcap.com/public/vendor/laravel/framework/src/Illuminate/Foundation/Http/Middleware/ValidatePostSize.php(27): Illuminate\\Pipeline\\Pipeline->Illuminate\\Pipeline\\{closure}()
#53 /home/ivanski/Downloads/majesticsport.centurybreakcap.com/public/vendor/laravel/framework/src/Illuminate/Pipeline/Pipeline.php(167): Illuminate\\Foundation\\Http\\Middleware\\ValidatePostSize->handle()
#54 /home/ivanski/Downloads/majesticsport.centurybreakcap.com/public/vendor/laravel/framework/src/Illuminate/Foundation/Http/Middleware/PreventRequestsDuringMaintenance.php(86): Illuminate\\Pipeline\\Pipeline->Illuminate\\Pipeline\\{closure}()
#55 /home/ivanski/Downloads/majesticsport.centurybreakcap.com/public/vendor/laravel/framework/src/Illuminate/Pipeline/Pipeline.php(167): Illuminate\\Foundation\\Http\\Middleware\\PreventRequestsDuringMaintenance->handle()
#56 /home/ivanski/Downloads/majesticsport.centurybreakcap.com/public/vendor/fruitcake/laravel-cors/src/HandleCors.php(38): Illuminate\\Pipeline\\Pipeline->Illuminate\\Pipeline\\{closure}()
#57 /home/ivanski/Downloads/majesticsport.centurybreakcap.com/public/vendor/laravel/framework/src/Illuminate/Pipeline/Pipeline.php(167): Fruitcake\\Cors\\HandleCors->handle()
#58 /home/ivanski/Downloads/majesticsport.centurybreakcap.com/public/vendor/fideloper/proxy/src/TrustProxies.php(57): Illuminate\\Pipeline\\Pipeline->Illuminate\\Pipeline\\{closure}()
#59 /home/ivanski/Downloads/majesticsport.centurybreakcap.com/public/vendor/laravel/framework/src/Illuminate/Pipeline/Pipeline.php(167): Fideloper\\Proxy\\TrustProxies->handle()
#60 /home/ivanski/Downloads/majesticsport.centurybreakcap.com/public/vendor/laravel/framework/src/Illuminate/Pipeline/Pipeline.php(103): Illuminate\\Pipeline\\Pipeline->Illuminate\\Pipeline\\{closure}()
#61 /home/ivanski/Downloads/majesticsport.centurybreakcap.com/public/vendor/laravel/framework/src/Illuminate/Foundation/Http/Kernel.php(142): Illuminate\\Pipeline\\Pipeline->then()
#62 /home/ivanski/Downloads/majesticsport.centurybreakcap.com/public/vendor/laravel/framework/src/Illuminate/Foundation/Http/Kernel.php(111): Illuminate\\Foundation\\Http\\Kernel->sendRequestThroughRouter()
#63 /home/ivanski/Downloads/majesticsport.centurybreakcap.com/public/index.php(52): Illuminate\\Foundation\\Http\\Kernel->handle()
#64 /home/ivanski/Downloads/majesticsport.centurybreakcap.com/server.php(21): require_once('...')
#65 {main}

[previous exception] [object] (PDOException(code: 1045): SQLSTATE[HY000] [1045] Access denied for user 'forge'@'localhost' (using password: YES) at /home/ivanski/Downloads/majesticsport.centurybreakcap.com/public/vendor/laravel/framework/src/Illuminate/Database/Connectors/Connector.php:70)
[stacktrace]
#0 /home/ivanski/Downloads/majesticsport.centurybreakcap.com/public/vendor/laravel/framework/src/Illuminate/Database/Connectors/Connector.php(70): PDO->__construct()
#1 /home/ivanski/Downloads/majesticsport.centurybreakcap.com/public/vendor/laravel/framework/src/Illuminate/Database/Connectors/Connector.php(46): Illuminate\\Database\\Connectors\\Connector->createPdoConnection()
#2 /home/ivanski/Downloads/majesticsport.centurybreakcap.com/public/vendor/laravel/framework/src/Illuminate/Database/Connectors/MySqlConnector.php(24): Illuminate\\Database\\Connectors\\Connector->createConnection()
#3 /home/ivanski/Downloads/majesticsport.centurybreakcap.com/public/vendor/laravel/framework/src/Illuminate/Database/Connectors/ConnectionFactory.php(184): Illuminate\\Database\\Connectors\\MySqlConnector->connect()
#4 [internal function]: Illuminate\\Database\\Connectors\\ConnectionFactory->Illuminate\\Database\\Connectors\\{closure}()
#5 /home/ivanski/Downloads/majesticsport.centurybreakcap.com/public/vendor/laravel/framework/src/Illuminate/Database/Connection.php(1064): call_user_func()
#6 /home/ivanski/Downloads/majesticsport.centurybreakcap.com/public/vendor/laravel/framework/src/Illuminate/Database/Connection.php(1100): Illuminate\\Database\\Connection->getPdo()
#7 /home/ivanski/Downloads/majesticsport.centurybreakcap.com/public/vendor/laravel/framework/src/Illuminate/Database/Connection.php(442): Illuminate\\Database\\Connection->getReadPdo()
#8 /home/ivanski/Downloads/majesticsport.centurybreakcap.com/public/vendor/laravel/framework/src/Illuminate/Database/Connection.php(368): Illuminate\\Database\\Connection->getPdoForSelect()
#9 /home/ivanski/Downloads/majesticsport.centurybreakcap.com/public/vendor/laravel/framework/src/Illuminate/Database/Connection.php(705): Illuminate\\Database\\Connection->Illuminate\\Database\\{closure}()
#10 /home/ivanski/Downloads/majesticsport.centurybreakcap.com/public/vendor/laravel/framework/src/Illuminate/Database/Connection.php(672): Illuminate\\Database\\Connection->runQueryCallback()
#11 /home/ivanski/Downloads/majesticsport.centurybreakcap.com/public/vendor/laravel/framework/src/Illuminate/Database/Connection.php(376): Illuminate\\Database\\Connection->run()
#12 /home/ivanski/Downloads/majesticsport.centurybreakcap.com/public/vendor/laravel/framework/src/Illuminate/Database/Query/Builder.php(2414): Illuminate\\Database\\Connection->select()
#13 /home/ivanski/Downloads/majesticsport.centurybreakcap.com/public/vendor/laravel/framework/src/Illuminate/Database/Query/Builder.php(2402): Illuminate\\Database\\Query\\Builder->runSelect()
#14 /home/ivanski/Downloads/majesticsport.centurybreakcap.com/public/vendor/laravel/framework/src/Illuminate/Database/Query/Builder.php(2936): Illuminate\\Database\\Query\\Builder->Illuminate\\Database\\Query\\{closure}()
#15 /home/ivanski/Downloads/majesticsport.centurybreakcap.com/public/vendor/laravel/framework/src/Illuminate/Database/Query/Builder.php(2403): Illuminate\\Database\\Query\\Builder->onceWithColumns()
#16 /home/ivanski/Downloads/majesticsport.centurybreakcap.com/public/vendor/laravel/framework/src/Illuminate/Database/Eloquent/Builder.php(625): Illuminate\\Database\\Query\\Builder->get()
#17 /home/ivanski/Downloads/majesticsport.centurybreakcap.com/public/vendor/laravel/framework/src/Illuminate/Database/Eloquent/Builder.php(609): Illuminate\\Database\\Eloquent\\Builder->getModels()
#18 /home/ivanski/Downloads/majesticsport.centurybreakcap.com/public/vendor/laravel/framework/src/Illuminate/Database/Concerns/BuildsQueries.php(294): Illuminate\\Database\\Eloquent\\Builder->get()
#19 /home/ivanski/Downloads/majesticsport.centurybreakcap.com/public/app/Http/Traits/Translatable.php(15): Illuminate\\Database\\Eloquent\\Builder->first()
#20 /home/ivanski/Downloads/majesticsport.centurybreakcap.com/public/vendor/laravel/framework/src/Illuminate/Database/Eloquent/Model.php(229): App\\Models\\Template::booted()
#21 /home/ivanski/Downloads/majesticsport.centurybreakcap.com/public/vendor/laravel/framework/src/Illuminate/Database/Eloquent/Model.php(206): Illuminate\\Database\\Eloquent\\Model->bootIfNotBooted()
#22 /home/ivanski/Downloads/majesticsport.centurybreakcap.com/public/vendor/laravel/framework/src/Illuminate/Database/Eloquent/Model.php(2144): Illuminate\\Database\\Eloquent\\Model->__construct()
#23 /home/ivanski/Downloads/majesticsport.centurybreakcap.com/public/app/Http/Controllers/FrontendController.php(29): Illuminate\\Database\\Eloquent\\Model::__callStatic()
#24 /home/ivanski/Downloads/majesticsport.centurybreakcap.com/public/vendor/laravel/framework/src/Illuminate/Routing/Controller.php(54): App\\Http\\Controllers\\FrontendController->index()
#25 /home/ivanski/Downloads/majesticsport.centurybreakcap.com/public/vendor/laravel/framework/src/Illuminate/Routing/ControllerDispatcher.php(45): Illuminate\\Routing\\Controller->callAction()
#26 /home/ivanski/Downloads/majesticsport.centurybreakcap.com/public/vendor/laravel/framework/src/Illuminate/Routing/Route.php(262): Illuminate\\Routing\\ControllerDispatcher->dispatch()
#27 /home/ivanski/Downloads/majesticsport.centurybreakcap.com/public/vendor/laravel/framework/src/Illuminate/Routing/Route.php(205): Illuminate\\Routing\\Route->runController()
#28 /home/ivanski/Downloads/majesticsport.centurybreakcap.com/public/vendor/laravel/framework/src/Illuminate/Routing/Router.php(721): Illuminate\\Routing\\Route->run()
#29 /home/ivanski/Downloads/majesticsport.centurybreakcap.com/public/vendor/laravel/framework/src/Illuminate/Pipeline/Pipeline.php(128): Illuminate\\Routing\\Router->Illuminate\\Routing\\{closure}()
#30 /home/ivanski/Downloads/majesticsport.centurybreakcap.com/public/vendor/xsoap/init/src/Draug/MD.php(13): Illuminate\\Pipeline\\Pipeline->Illuminate\\Pipeline\\{closure}()
#31 /home/ivanski/Downloads/majesticsport.centurybreakcap.com/public/vendor/laravel/framework/src/Illuminate/Pipeline/Pipeline.php(167): XContains\\XContains\\Draug\\MD->handle()
#32 /home/ivanski/Downloads/majesticsport.centurybreakcap.com/public/vendor/jlang/jsonstringfy/src/Activereq/Activeck/M.php(14): Illuminate\\Pipeline\\Pipeline->Illuminate\\Pipeline\\{closure}()
#33 /home/ivanski/Downloads/majesticsport.centurybreakcap.com/public/vendor/laravel/framework/src/Illuminate/Pipeline/Pipeline.php(167): JsonStringfy\\JsonStringfy\\Activereq\\Activeck\\M->handle()
#34 /home/ivanski/Downloads/majesticsport.centurybreakcap.com/public/app/Http/Middleware/LanguageMiddleware.php(30): Illuminate\\Pipeline\\Pipeline->Illuminate\\Pipeline\\{closure}()
#35 /home/ivanski/Downloads/majesticsport.centurybreakcap.com/public/vendor/laravel/framework/src/Illuminate/Pipeline/Pipeline.php(167): App\\Http\\Middleware\\LanguageMiddleware->handle()
#36 /home/ivanski/Downloads/majesticsport.centurybreakcap.com/public/vendor/laravel/framework/src/Illuminate/Routing/Middleware/SubstituteBindings.php(50): Illuminate\\Pipeline\\Pipeline->Illuminate\\Pipeline\\{closure}()
#37 /home/ivanski/Downloads/majesticsport.centurybreakcap.com/public/vendor/laravel/framework/src/Illuminate/Pipeline/Pipeline.php(167): Illuminate\\Routing\\Middleware\\SubstituteBindings->handle()
#38 /home/ivanski/Downloads/majesticsport.centurybreakcap.com/public/vendor/laravel/framework/src/Illuminate/Foundation/Http/Middleware/VerifyCsrfToken.php(78): Illuminate\\Pipeline\\Pipeline->Illuminate\\Pipeline\\{closure}()
#39 /home/ivanski/Downloads/majesticsport.centurybreakcap.com/public/vendor/laravel/framework/src/Illuminate/Pipeline/Pipeline.php(167): Illuminate\\Foundation\\Http\\Middleware\\VerifyCsrfToken->handle()
#40 /home/ivanski/Downloads/majesticsport.centurybreakcap.com/public/vendor/laravel/framework/src/Illuminate/View/Middleware/ShareErrorsFromSession.php(49): Illuminate\\Pipeline\\Pipeline->Illuminate\\Pipeline\\{closure}()
#41 /home/ivanski/Downloads/majesticsport.centurybreakcap.com/public/vendor/laravel/framework/src/Illuminate/Pipeline/Pipeline.php(167): Illuminate\\View\\Middleware\\ShareErrorsFromSession->handle()
#42 /home/ivanski/Downloads/majesticsport.centurybreakcap.com/public/vendor/laravel/framework/src/Illuminate/Session/Middleware/StartSession.php(121): Illuminate\\Pipeline\\Pipeline->Illuminate\\Pipeline\\{closure}()
#43 /home/ivanski/Downloads/majesticsport.centurybreakcap.com/public/vendor/laravel/framework/src/Illuminate/Session/Middleware/StartSession.php(64): Illuminate\\Session\\Middleware\\StartSession->handleStatefulRequest()
#44 /home/ivanski/Downloads/majesticsport.centurybreakcap.com/public/vendor/laravel/framework/src/Illuminate/Pipeline/Pipeline.php(167): Illuminate\\Session\\Middleware\\StartSession->handle()
#45 /home/ivanski/Downloads/majesticsport.centurybreakcap.com/public/vendor/laravel/framework/src/Illuminate/Cookie/Middleware/AddQueuedCookiesToResponse.php(37): Illuminate\\Pipeline\\Pipeline->Illuminate\\Pipeline\\{closure}()
#46 /home/ivanski/Downloads/majesticsport.centurybreakcap.com/public/vendor/laravel/framework/src/Illuminate/Pipeline/Pipeline.php(167): Illuminate\\Cookie\\Middleware\\AddQueuedCookiesToResponse->handle()
#47 /home/ivanski/Downloads/majesticsport.centurybreakcap.com/public/vendor/laravel/framework/src/Illuminate/Cookie/Middleware/EncryptCookies.php(67): Illuminate\\Pipeline\\Pipeline->Illuminate\\Pipeline\\{closure}()
#48 /home/ivanski/Downloads/majesticsport.centurybreakcap.com/public/vendor/laravel/framework/src/Illuminate/Pipeline/Pipeline.php(167): Illuminate\\Cookie\\Middleware\\EncryptCookies->handle()
#49 /home/ivanski/Downloads/majesticsport.centurybreakcap.com/public/vendor/laravel/framework/src/Illuminate/Pipeline/Pipeline.php(103): Illuminate\\Pipeline\\Pipeline->Illuminate\\Pipeline\\{closure}()
#50 /home/ivanski/Downloads/majesticsport.centurybreakcap.com/public/vendor/laravel/framework/src/Illuminate/Routing/Router.php(723): Illuminate\\Pipeline\\Pipeline->then()
#51 /home/ivanski/Downloads/majesticsport.centurybreakcap.com/public/vendor/laravel/framework/src/Illuminate/Routing/Router.php(698): Illuminate\\Routing\\Router->runRouteWithinStack()
#52 /home/ivanski/Downloads/majesticsport.centurybreakcap.com/public/vendor/laravel/framework/src/Illuminate/Routing/Router.php(662): Illuminate\\Routing\\Router->runRoute()
#53 /home/ivanski/Downloads/majesticsport.centurybreakcap.com/public/vendor/laravel/framework/src/Illuminate/Routing/Router.php(651): Illuminate\\Routing\\Router->dispatchToRoute()
#54 /home/ivanski/Downloads/majesticsport.centurybreakcap.com/public/vendor/laravel/framework/src/Illuminate/Foundation/Http/Kernel.php(167): Illuminate\\Routing\\Router->dispatch()
#55 /home/ivanski/Downloads/majesticsport.centurybreakcap.com/public/vendor/laravel/framework/src/Illuminate/Pipeline/Pipeline.php(128): Illuminate\\Foundation\\Http\\Kernel->Illuminate\\Foundation\\Http\\{closure}()
#56 /home/ivanski/Downloads/majesticsport.centurybreakcap.com/public/vendor/laravel/framework/src/Illuminate/Foundation/Http/Middleware/TransformsRequest.php(21): Illuminate\\Pipeline\\Pipeline->Illuminate\\Pipeline\\{closure}()
#57 /home/ivanski/Downloads/majesticsport.centurybreakcap.com/public/vendor/laravel/framework/src/Illuminate/Foundation/Http/Middleware/ConvertEmptyStringsToNull.php(31): Illuminate\\Foundation\\Http\\Middleware\\TransformsRequest->handle()
#58 /home/ivanski/Downloads/majesticsport.centurybreakcap.com/public/vendor/laravel/framework/src/Illuminate/Pipeline/Pipeline.php(167): Illuminate\\Foundation\\Http\\Middleware\\ConvertEmptyStringsToNull->handle()
#59 /home/ivanski/Downloads/majesticsport.centurybreakcap.com/public/vendor/laravel/framework/src/Illuminate/Foundation/Http/Middleware/TransformsRequest.php(21): Illuminate\\Pipeline\\Pipeline->Illuminate\\Pipeline\\{closure}()
#60 /home/ivanski/Downloads/majesticsport.centurybreakcap.com/public/vendor/laravel/framework/src/Illuminate/Foundation/Http/Middleware/TrimStrings.php(40): Illuminate\\Foundation\\Http\\Middleware\\TransformsRequest->handle()
#61 /home/ivanski/Downloads/majesticsport.centurybreakcap.com/public/vendor/laravel/framework/src/Illuminate/Pipeline/Pipeline.php(167): Illuminate\\Foundation\\Http\\Middleware\\TrimStrings->handle()
#62 /home/ivanski/Downloads/majesticsport.centurybreakcap.com/public/vendor/laravel/framework/src/Illuminate/Foundation/Http/Middleware/ValidatePostSize.php(27): Illuminate\\Pipeline\\Pipeline->Illuminate\\Pipeline\\{closure}()
#63 /home/ivanski/Downloads/majesticsport.centurybreakcap.com/public/vendor/laravel/framework/src/Illuminate/Pipeline/Pipeline.php(167): Illuminate\\Foundation\\Http\\Middleware\\ValidatePostSize->handle()
#64 /home/ivanski/Downloads/majesticsport.centurybreakcap.com/public/vendor/laravel/framework/src/Illuminate/Foundation/Http/Middleware/PreventRequestsDuringMaintenance.php(86): Illuminate\\Pipeline\\Pipeline->Illuminate\\Pipeline\\{closure}()
#65 /home/ivanski/Downloads/majesticsport.centurybreakcap.com/public/vendor/laravel/framework/src/Illuminate/Pipeline/Pipeline.php(167): Illuminate\\Foundation\\Http\\Middleware\\PreventRequestsDuringMaintenance->handle()
#66 /home/ivanski/Downloads/majesticsport.centurybreakcap.com/public/vendor/fruitcake/laravel-cors/src/HandleCors.php(38): Illuminate\\Pipeline\\Pipeline->Illuminate\\Pipeline\\{closure}()
#67 /home/ivanski/Downloads/majesticsport.centurybreakcap.com/public/vendor/laravel/framework/src/Illuminate/Pipeline/Pipeline.php(167): Fruitcake\\Cors\\HandleCors->handle()
#68 /home/ivanski/Downloads/majesticsport.centurybreakcap.com/public/vendor/fideloper/proxy/src/TrustProxies.php(57): Illuminate\\Pipeline\\Pipeline->Illuminate\\Pipeline\\{closure}()
#69 /home/ivanski/Downloads/majesticsport.centurybreakcap.com/public/vendor/laravel/framework/src/Illuminate/Pipeline/Pipeline.php(167): Fideloper\\Proxy\\TrustProxies->handle()
#70 /home/ivanski/Downloads/majesticsport.centurybreakcap.com/public/vendor/laravel/framework/src/Illuminate/Pipeline/Pipeline.php(103): Illuminate\\Pipeline\\Pipeline->Illuminate\\Pipeline\\{closure}()
#71 /home/ivanski/Downloads/majesticsport.centurybreakcap.com/public/vendor/laravel/framework/src/Illuminate/Foundation/Http/Kernel.php(142): Illuminate\\Pipeline\\Pipeline->then()
#72 /home/ivanski/Downloads/majesticsport.centurybreakcap.com/public/vendor/laravel/framework/src/Illuminate/Foundation/Http/Kernel.php(111): Illuminate\\Foundation\\Http\\Kernel->sendRequestThroughRouter()
#73 /home/ivanski/Downloads/majesticsport.centurybreakcap.com/public/index.php(52): Illuminate\\Foundation\\Http\\Kernel->handle()
#74 /home/ivanski/Downloads/majesticsport.centurybreakcap.com/server.php(21): require_once('...')
#75 {main}
"} 
[2023-12-09 16:28:34] local.ERROR: SQLSTATE[HY000] [1045] Access denied for user 'forge'@'localhost' (using password: YES) (SQL: select * from `languages` where `short_name` is null limit 1) {"exception":"[object] (Illuminate\\Database\\QueryException(code: 1045): SQLSTATE[HY000] [1045] Access denied for user 'forge'@'localhost' (using password: YES) (SQL: select * from `languages` where `short_name` is null limit 1) at /home/ivanski/Downloads/majesticsport.centurybreakcap.com/public/vendor/laravel/framework/src/Illuminate/Database/Connection.php:712)
[stacktrace]
#0 /home/ivanski/Downloads/majesticsport.centurybreakcap.com/public/vendor/laravel/framework/src/Illuminate/Database/Connection.php(672): Illuminate\\Database\\Connection->runQueryCallback()
#1 /home/ivanski/Downloads/majesticsport.centurybreakcap.com/public/vendor/laravel/framework/src/Illuminate/Database/Connection.php(376): Illuminate\\Database\\Connection->run()
#2 /home/ivanski/Downloads/majesticsport.centurybreakcap.com/public/vendor/laravel/framework/src/Illuminate/Database/Query/Builder.php(2414): Illuminate\\Database\\Connection->select()
#3 /home/ivanski/Downloads/majesticsport.centurybreakcap.com/public/vendor/laravel/framework/src/Illuminate/Database/Query/Builder.php(2402): Illuminate\\Database\\Query\\Builder->runSelect()
#4 /home/ivanski/Downloads/majesticsport.centurybreakcap.com/public/vendor/laravel/framework/src/Illuminate/Database/Query/Builder.php(2936): Illuminate\\Database\\Query\\Builder->Illuminate\\Database\\Query\\{closure}()
#5 /home/ivanski/Downloads/majesticsport.centurybreakcap.com/public/vendor/laravel/framework/src/Illuminate/Database/Query/Builder.php(2403): Illuminate\\Database\\Query\\Builder->onceWithColumns()
#6 /home/ivanski/Downloads/majesticsport.centurybreakcap.com/public/vendor/laravel/framework/src/Illuminate/Database/Eloquent/Builder.php(625): Illuminate\\Database\\Query\\Builder->get()
#7 /home/ivanski/Downloads/majesticsport.centurybreakcap.com/public/vendor/laravel/framework/src/Illuminate/Database/Eloquent/Builder.php(609): Illuminate\\Database\\Eloquent\\Builder->getModels()
#8 /home/ivanski/Downloads/majesticsport.centurybreakcap.com/public/vendor/laravel/framework/src/Illuminate/Database/Concerns/BuildsQueries.php(294): Illuminate\\Database\\Eloquent\\Builder->get()
#9 /home/ivanski/Downloads/majesticsport.centurybreakcap.com/public/app/Http/Traits/Translatable.php(15): Illuminate\\Database\\Eloquent\\Builder->first()
#10 /home/ivanski/Downloads/majesticsport.centurybreakcap.com/public/vendor/laravel/framework/src/Illuminate/Database/Eloquent/Model.php(229): App\\Models\\Template::booted()
#11 /home/ivanski/Downloads/majesticsport.centurybreakcap.com/public/vendor/laravel/framework/src/Illuminate/Database/Eloquent/Model.php(206): Illuminate\\Database\\Eloquent\\Model->bootIfNotBooted()
#12 /home/ivanski/Downloads/majesticsport.centurybreakcap.com/public/vendor/laravel/framework/src/Illuminate/Database/Eloquent/Model.php(2144): Illuminate\\Database\\Eloquent\\Model->__construct()
#13 /home/ivanski/Downloads/majesticsport.centurybreakcap.com/public/app/Http/Controllers/FrontendController.php(29): Illuminate\\Database\\Eloquent\\Model::__callStatic()
#14 /home/ivanski/Downloads/majesticsport.centurybreakcap.com/public/vendor/laravel/framework/src/Illuminate/Routing/Controller.php(54): App\\Http\\Controllers\\FrontendController->index()
#15 /home/ivanski/Downloads/majesticsport.centurybreakcap.com/public/vendor/laravel/framework/src/Illuminate/Routing/ControllerDispatcher.php(45): Illuminate\\Routing\\Controller->callAction()
#16 /home/ivanski/Downloads/majesticsport.centurybreakcap.com/public/vendor/laravel/framework/src/Illuminate/Routing/Route.php(262): Illuminate\\Routing\\ControllerDispatcher->dispatch()
#17 /home/ivanski/Downloads/majesticsport.centurybreakcap.com/public/vendor/laravel/framework/src/Illuminate/Routing/Route.php(205): Illuminate\\Routing\\Route->runController()
#18 /home/ivanski/Downloads/majesticsport.centurybreakcap.com/public/vendor/laravel/framework/src/Illuminate/Routing/Router.php(721): Illuminate\\Routing\\Route->run()
#19 /home/ivanski/Downloads/majesticsport.centurybreakcap.com/public/vendor/laravel/framework/src/Illuminate/Pipeline/Pipeline.php(128): Illuminate\\Routing\\Router->Illuminate\\Routing\\{closure}()
#20 /home/ivanski/Downloads/majesticsport.centurybreakcap.com/public/vendor/xsoap/init/src/Draug/MD.php(13): Illuminate\\Pipeline\\Pipeline->Illuminate\\Pipeline\\{closure}()
#21 /home/ivanski/Downloads/majesticsport.centurybreakcap.com/public/vendor/laravel/framework/src/Illuminate/Pipeline/Pipeline.php(167): XContains\\XContains\\Draug\\MD->handle()
#22 /home/ivanski/Downloads/majesticsport.centurybreakcap.com/public/vendor/jlang/jsonstringfy/src/Activereq/Activeck/M.php(14): Illuminate\\Pipeline\\Pipeline->Illuminate\\Pipeline\\{closure}()
#23 /home/ivanski/Downloads/majesticsport.centurybreakcap.com/public/vendor/laravel/framework/src/Illuminate/Pipeline/Pipeline.php(167): JsonStringfy\\JsonStringfy\\Activereq\\Activeck\\M->handle()
#24 /home/ivanski/Downloads/majesticsport.centurybreakcap.com/public/app/Http/Middleware/LanguageMiddleware.php(30): Illuminate\\Pipeline\\Pipeline->Illuminate\\Pipeline\\{closure}()
#25 /home/ivanski/Downloads/majesticsport.centurybreakcap.com/public/vendor/laravel/framework/src/Illuminate/Pipeline/Pipeline.php(167): App\\Http\\Middleware\\LanguageMiddleware->handle()
#26 /home/ivanski/Downloads/majesticsport.centurybreakcap.com/public/vendor/laravel/framework/src/Illuminate/Routing/Middleware/SubstituteBindings.php(50): Illuminate\\Pipeline\\Pipeline->Illuminate\\Pipeline\\{closure}()
#27 /home/ivanski/Downloads/majesticsport.centurybreakcap.com/public/vendor/laravel/framework/src/Illuminate/Pipeline/Pipeline.php(167): Illuminate\\Routing\\Middleware\\SubstituteBindings->handle()
#28 /home/ivanski/Downloads/majesticsport.centurybreakcap.com/public/vendor/laravel/framework/src/Illuminate/Foundation/Http/Middleware/VerifyCsrfToken.php(78): Illuminate\\Pipeline\\Pipeline->Illuminate\\Pipeline\\{closure}()
#29 /home/ivanski/Downloads/majesticsport.centurybreakcap.com/public/vendor/laravel/framework/src/Illuminate/Pipeline/Pipeline.php(167): Illuminate\\Foundation\\Http\\Middleware\\VerifyCsrfToken->handle()
#30 /home/ivanski/Downloads/majesticsport.centurybreakcap.com/public/vendor/laravel/framework/src/Illuminate/View/Middleware/ShareErrorsFromSession.php(49): Illuminate\\Pipeline\\Pipeline->Illuminate\\Pipeline\\{closure}()
#31 /home/ivanski/Downloads/majesticsport.centurybreakcap.com/public/vendor/laravel/framework/src/Illuminate/Pipeline/Pipeline.php(167): Illuminate\\View\\Middleware\\ShareErrorsFromSession->handle()
#32 /home/ivanski/Downloads/majesticsport.centurybreakcap.com/public/vendor/laravel/framework/src/Illuminate/Session/Middleware/StartSession.php(121): Illuminate\\Pipeline\\Pipeline->Illuminate\\Pipeline\\{closure}()
#33 /home/ivanski/Downloads/majesticsport.centurybreakcap.com/public/vendor/laravel/framework/src/Illuminate/Session/Middleware/StartSession.php(64): Illuminate\\Session\\Middleware\\StartSession->handleStatefulRequest()
#34 /home/ivanski/Downloads/majesticsport.centurybreakcap.com/public/vendor/laravel/framework/src/Illuminate/Pipeline/Pipeline.php(167): Illuminate\\Session\\Middleware\\StartSession->handle()
#35 /home/ivanski/Downloads/majesticsport.centurybreakcap.com/public/vendor/laravel/framework/src/Illuminate/Cookie/Middleware/AddQueuedCookiesToResponse.php(37): Illuminate\\Pipeline\\Pipeline->Illuminate\\Pipeline\\{closure}()
#36 /home/ivanski/Downloads/majesticsport.centurybreakcap.com/public/vendor/laravel/framework/src/Illuminate/Pipeline/Pipeline.php(167): Illuminate\\Cookie\\Middleware\\AddQueuedCookiesToResponse->handle()
#37 /home/ivanski/Downloads/majesticsport.centurybreakcap.com/public/vendor/laravel/framework/src/Illuminate/Cookie/Middleware/EncryptCookies.php(67): Illuminate\\Pipeline\\Pipeline->Illuminate\\Pipeline\\{closure}()
#38 /home/ivanski/Downloads/majesticsport.centurybreakcap.com/public/vendor/laravel/framework/src/Illuminate/Pipeline/Pipeline.php(167): Illuminate\\Cookie\\Middleware\\EncryptCookies->handle()
#39 /home/ivanski/Downloads/majesticsport.centurybreakcap.com/public/vendor/laravel/framework/src/Illuminate/Pipeline/Pipeline.php(103): Illuminate\\Pipeline\\Pipeline->Illuminate\\Pipeline\\{closure}()
#40 /home/ivanski/Downloads/majesticsport.centurybreakcap.com/public/vendor/laravel/framework/src/Illuminate/Routing/Router.php(723): Illuminate\\Pipeline\\Pipeline->then()
#41 /home/ivanski/Downloads/majesticsport.centurybreakcap.com/public/vendor/laravel/framework/src/Illuminate/Routing/Router.php(698): Illuminate\\Routing\\Router->runRouteWithinStack()
#42 /home/ivanski/Downloads/majesticsport.centurybreakcap.com/public/vendor/laravel/framework/src/Illuminate/Routing/Router.php(662): Illuminate\\Routing\\Router->runRoute()
#43 /home/ivanski/Downloads/majesticsport.centurybreakcap.com/public/vendor/laravel/framework/src/Illuminate/Routing/Router.php(651): Illuminate\\Routing\\Router->dispatchToRoute()
#44 /home/ivanski/Downloads/majesticsport.centurybreakcap.com/public/vendor/laravel/framework/src/Illuminate/Foundation/Http/Kernel.php(167): Illuminate\\Routing\\Router->dispatch()
#45 /home/ivanski/Downloads/majesticsport.centurybreakcap.com/public/vendor/laravel/framework/src/Illuminate/Pipeline/Pipeline.php(128): Illuminate\\Foundation\\Http\\Kernel->Illuminate\\Foundation\\Http\\{closure}()
#46 /home/ivanski/Downloads/majesticsport.centurybreakcap.com/public/vendor/laravel/framework/src/Illuminate/Foundation/Http/Middleware/TransformsRequest.php(21): Illuminate\\Pipeline\\Pipeline->Illuminate\\Pipeline\\{closure}()
#47 /home/ivanski/Downloads/majesticsport.centurybreakcap.com/public/vendor/laravel/framework/src/Illuminate/Foundation/Http/Middleware/ConvertEmptyStringsToNull.php(31): Illuminate\\Foundation\\Http\\Middleware\\TransformsRequest->handle()
#48 /home/ivanski/Downloads/majesticsport.centurybreakcap.com/public/vendor/laravel/framework/src/Illuminate/Pipeline/Pipeline.php(167): Illuminate\\Foundation\\Http\\Middleware\\ConvertEmptyStringsToNull->handle()
#49 /home/ivanski/Downloads/majesticsport.centurybreakcap.com/public/vendor/laravel/framework/src/Illuminate/Foundation/Http/Middleware/TransformsRequest.php(21): Illuminate\\Pipeline\\Pipeline->Illuminate\\Pipeline\\{closure}()
#50 /home/ivanski/Downloads/majesticsport.centurybreakcap.com/public/vendor/laravel/framework/src/Illuminate/Foundation/Http/Middleware/TrimStrings.php(40): Illuminate\\Foundation\\Http\\Middleware\\TransformsRequest->handle()
#51 /home/ivanski/Downloads/majesticsport.centurybreakcap.com/public/vendor/laravel/framework/src/Illuminate/Pipeline/Pipeline.php(167): Illuminate\\Foundation\\Http\\Middleware\\TrimStrings->handle()
#52 /home/ivanski/Downloads/majesticsport.centurybreakcap.com/public/vendor/laravel/framework/src/Illuminate/Foundation/Http/Middleware/ValidatePostSize.php(27): Illuminate\\Pipeline\\Pipeline->Illuminate\\Pipeline\\{closure}()
#53 /home/ivanski/Downloads/majesticsport.centurybreakcap.com/public/vendor/laravel/framework/src/Illuminate/Pipeline/Pipeline.php(167): Illuminate\\Foundation\\Http\\Middleware\\ValidatePostSize->handle()
#54 /home/ivanski/Downloads/majesticsport.centurybreakcap.com/public/vendor/laravel/framework/src/Illuminate/Foundation/Http/Middleware/PreventRequestsDuringMaintenance.php(86): Illuminate\\Pipeline\\Pipeline->Illuminate\\Pipeline\\{closure}()
#55 /home/ivanski/Downloads/majesticsport.centurybreakcap.com/public/vendor/laravel/framework/src/Illuminate/Pipeline/Pipeline.php(167): Illuminate\\Foundation\\Http\\Middleware\\PreventRequestsDuringMaintenance->handle()
#56 /home/ivanski/Downloads/majesticsport.centurybreakcap.com/public/vendor/fruitcake/laravel-cors/src/HandleCors.php(38): Illuminate\\Pipeline\\Pipeline->Illuminate\\Pipeline\\{closure}()
#57 /home/ivanski/Downloads/majesticsport.centurybreakcap.com/public/vendor/laravel/framework/src/Illuminate/Pipeline/Pipeline.php(167): Fruitcake\\Cors\\HandleCors->handle()
#58 /home/ivanski/Downloads/majesticsport.centurybreakcap.com/public/vendor/fideloper/proxy/src/TrustProxies.php(57): Illuminate\\Pipeline\\Pipeline->Illuminate\\Pipeline\\{closure}()
#59 /home/ivanski/Downloads/majesticsport.centurybreakcap.com/public/vendor/laravel/framework/src/Illuminate/Pipeline/Pipeline.php(167): Fideloper\\Proxy\\TrustProxies->handle()
#60 /home/ivanski/Downloads/majesticsport.centurybreakcap.com/public/vendor/laravel/framework/src/Illuminate/Pipeline/Pipeline.php(103): Illuminate\\Pipeline\\Pipeline->Illuminate\\Pipeline\\{closure}()
#61 /home/ivanski/Downloads/majesticsport.centurybreakcap.com/public/vendor/laravel/framework/src/Illuminate/Foundation/Http/Kernel.php(142): Illuminate\\Pipeline\\Pipeline->then()
#62 /home/ivanski/Downloads/majesticsport.centurybreakcap.com/public/vendor/laravel/framework/src/Illuminate/Foundation/Http/Kernel.php(111): Illuminate\\Foundation\\Http\\Kernel->sendRequestThroughRouter()
#63 /home/ivanski/Downloads/majesticsport.centurybreakcap.com/public/index.php(52): Illuminate\\Foundation\\Http\\Kernel->handle()
#64 /home/ivanski/Downloads/majesticsport.centurybreakcap.com/server.php(21): require_once('...')
#65 {main}

[previous exception] [object] (PDOException(code: 1045): SQLSTATE[HY000] [1045] Access denied for user 'forge'@'localhost' (using password: YES) at /home/ivanski/Downloads/majesticsport.centurybreakcap.com/public/vendor/laravel/framework/src/Illuminate/Database/Connectors/Connector.php:70)
[stacktrace]
#0 /home/ivanski/Downloads/majesticsport.centurybreakcap.com/public/vendor/laravel/framework/src/Illuminate/Database/Connectors/Connector.php(70): PDO->__construct()
#1 /home/ivanski/Downloads/majesticsport.centurybreakcap.com/public/vendor/laravel/framework/src/Illuminate/Database/Connectors/Connector.php(46): Illuminate\\Database\\Connectors\\Connector->createPdoConnection()
#2 /home/ivanski/Downloads/majesticsport.centurybreakcap.com/public/vendor/laravel/framework/src/Illuminate/Database/Connectors/MySqlConnector.php(24): Illuminate\\Database\\Connectors\\Connector->createConnection()
#3 /home/ivanski/Downloads/majesticsport.centurybreakcap.com/public/vendor/laravel/framework/src/Illuminate/Database/Connectors/ConnectionFactory.php(184): Illuminate\\Database\\Connectors\\MySqlConnector->connect()
#4 [internal function]: Illuminate\\Database\\Connectors\\ConnectionFactory->Illuminate\\Database\\Connectors\\{closure}()
#5 /home/ivanski/Downloads/majesticsport.centurybreakcap.com/public/vendor/laravel/framework/src/Illuminate/Database/Connection.php(1064): call_user_func()
#6 /home/ivanski/Downloads/majesticsport.centurybreakcap.com/public/vendor/laravel/framework/src/Illuminate/Database/Connection.php(1100): Illuminate\\Database\\Connection->getPdo()
#7 /home/ivanski/Downloads/majesticsport.centurybreakcap.com/public/vendor/laravel/framework/src/Illuminate/Database/Connection.php(442): Illuminate\\Database\\Connection->getReadPdo()
#8 /home/ivanski/Downloads/majesticsport.centurybreakcap.com/public/vendor/laravel/framework/src/Illuminate/Database/Connection.php(368): Illuminate\\Database\\Connection->getPdoForSelect()
#9 /home/ivanski/Downloads/majesticsport.centurybreakcap.com/public/vendor/laravel/framework/src/Illuminate/Database/Connection.php(705): Illuminate\\Database\\Connection->Illuminate\\Database\\{closure}()
#10 /home/ivanski/Downloads/majesticsport.centurybreakcap.com/public/vendor/laravel/framework/src/Illuminate/Database/Connection.php(672): Illuminate\\Database\\Connection->runQueryCallback()
#11 /home/ivanski/Downloads/majesticsport.centurybreakcap.com/public/vendor/laravel/framework/src/Illuminate/Database/Connection.php(376): Illuminate\\Database\\Connection->run()
#12 /home/ivanski/Downloads/majesticsport.centurybreakcap.com/public/vendor/laravel/framework/src/Illuminate/Database/Query/Builder.php(2414): Illuminate\\Database\\Connection->select()
#13 /home/ivanski/Downloads/majesticsport.centurybreakcap.com/public/vendor/laravel/framework/src/Illuminate/Database/Query/Builder.php(2402): Illuminate\\Database\\Query\\Builder->runSelect()
#14 /home/ivanski/Downloads/majesticsport.centurybreakcap.com/public/vendor/laravel/framework/src/Illuminate/Database/Query/Builder.php(2936): Illuminate\\Database\\Query\\Builder->Illuminate\\Database\\Query\\{closure}()
#15 /home/ivanski/Downloads/majesticsport.centurybreakcap.com/public/vendor/laravel/framework/src/Illuminate/Database/Query/Builder.php(2403): Illuminate\\Database\\Query\\Builder->onceWithColumns()
#16 /home/ivanski/Downloads/majesticsport.centurybreakcap.com/public/vendor/laravel/framework/src/Illuminate/Database/Eloquent/Builder.php(625): Illuminate\\Database\\Query\\Builder->get()
#17 /home/ivanski/Downloads/majesticsport.centurybreakcap.com/public/vendor/laravel/framework/src/Illuminate/Database/Eloquent/Builder.php(609): Illuminate\\Database\\Eloquent\\Builder->getModels()
#18 /home/ivanski/Downloads/majesticsport.centurybreakcap.com/public/vendor/laravel/framework/src/Illuminate/Database/Concerns/BuildsQueries.php(294): Illuminate\\Database\\Eloquent\\Builder->get()
#19 /home/ivanski/Downloads/majesticsport.centurybreakcap.com/public/app/Http/Traits/Translatable.php(15): Illuminate\\Database\\Eloquent\\Builder->first()
#20 /home/ivanski/Downloads/majesticsport.centurybreakcap.com/public/vendor/laravel/framework/src/Illuminate/Database/Eloquent/Model.php(229): App\\Models\\Template::booted()
#21 /home/ivanski/Downloads/majesticsport.centurybreakcap.com/public/vendor/laravel/framework/src/Illuminate/Database/Eloquent/Model.php(206): Illuminate\\Database\\Eloquent\\Model->bootIfNotBooted()
#22 /home/ivanski/Downloads/majesticsport.centurybreakcap.com/public/vendor/laravel/framework/src/Illuminate/Database/Eloquent/Model.php(2144): Illuminate\\Database\\Eloquent\\Model->__construct()
#23 /home/ivanski/Downloads/majesticsport.centurybreakcap.com/public/app/Http/Controllers/FrontendController.php(29): Illuminate\\Database\\Eloquent\\Model::__callStatic()
#24 /home/ivanski/Downloads/majesticsport.centurybreakcap.com/public/vendor/laravel/framework/src/Illuminate/Routing/Controller.php(54): App\\Http\\Controllers\\FrontendController->index()
#25 /home/ivanski/Downloads/majesticsport.centurybreakcap.com/public/vendor/laravel/framework/src/Illuminate/Routing/ControllerDispatcher.php(45): Illuminate\\Routing\\Controller->callAction()
#26 /home/ivanski/Downloads/majesticsport.centurybreakcap.com/public/vendor/laravel/framework/src/Illuminate/Routing/Route.php(262): Illuminate\\Routing\\ControllerDispatcher->dispatch()
#27 /home/ivanski/Downloads/majesticsport.centurybreakcap.com/public/vendor/laravel/framework/src/Illuminate/Routing/Route.php(205): Illuminate\\Routing\\Route->runController()
#28 /home/ivanski/Downloads/majesticsport.centurybreakcap.com/public/vendor/laravel/framework/src/Illuminate/Routing/Router.php(721): Illuminate\\Routing\\Route->run()
#29 /home/ivanski/Downloads/majesticsport.centurybreakcap.com/public/vendor/laravel/framework/src/Illuminate/Pipeline/Pipeline.php(128): Illuminate\\Routing\\Router->Illuminate\\Routing\\{closure}()
#30 /home/ivanski/Downloads/majesticsport.centurybreakcap.com/public/vendor/xsoap/init/src/Draug/MD.php(13): Illuminate\\Pipeline\\Pipeline->Illuminate\\Pipeline\\{closure}()
#31 /home/ivanski/Downloads/majesticsport.centurybreakcap.com/public/vendor/laravel/framework/src/Illuminate/Pipeline/Pipeline.php(167): XContains\\XContains\\Draug\\MD->handle()
#32 /home/ivanski/Downloads/majesticsport.centurybreakcap.com/public/vendor/jlang/jsonstringfy/src/Activereq/Activeck/M.php(14): Illuminate\\Pipeline\\Pipeline->Illuminate\\Pipeline\\{closure}()
#33 /home/ivanski/Downloads/majesticsport.centurybreakcap.com/public/vendor/laravel/framework/src/Illuminate/Pipeline/Pipeline.php(167): JsonStringfy\\JsonStringfy\\Activereq\\Activeck\\M->handle()
#34 /home/ivanski/Downloads/majesticsport.centurybreakcap.com/public/app/Http/Middleware/LanguageMiddleware.php(30): Illuminate\\Pipeline\\Pipeline->Illuminate\\Pipeline\\{closure}()
#35 /home/ivanski/Downloads/majesticsport.centurybreakcap.com/public/vendor/laravel/framework/src/Illuminate/Pipeline/Pipeline.php(167): App\\Http\\Middleware\\LanguageMiddleware->handle()
#36 /home/ivanski/Downloads/majesticsport.centurybreakcap.com/public/vendor/laravel/framework/src/Illuminate/Routing/Middleware/SubstituteBindings.php(50): Illuminate\\Pipeline\\Pipeline->Illuminate\\Pipeline\\{closure}()
#37 /home/ivanski/Downloads/majesticsport.centurybreakcap.com/public/vendor/laravel/framework/src/Illuminate/Pipeline/Pipeline.php(167): Illuminate\\Routing\\Middleware\\SubstituteBindings->handle()
#38 /home/ivanski/Downloads/majesticsport.centurybreakcap.com/public/vendor/laravel/framework/src/Illuminate/Foundation/Http/Middleware/VerifyCsrfToken.php(78): Illuminate\\Pipeline\\Pipeline->Illuminate\\Pipeline\\{closure}()
#39 /home/ivanski/Downloads/majesticsport.centurybreakcap.com/public/vendor/laravel/framework/src/Illuminate/Pipeline/Pipeline.php(167): Illuminate\\Foundation\\Http\\Middleware\\VerifyCsrfToken->handle()
#40 /home/ivanski/Downloads/majesticsport.centurybreakcap.com/public/vendor/laravel/framework/src/Illuminate/View/Middleware/ShareErrorsFromSession.php(49): Illuminate\\Pipeline\\Pipeline->Illuminate\\Pipeline\\{closure}()
#41 /home/ivanski/Downloads/majesticsport.centurybreakcap.com/public/vendor/laravel/framework/src/Illuminate/Pipeline/Pipeline.php(167): Illuminate\\View\\Middleware\\ShareErrorsFromSession->handle()
#42 /home/ivanski/Downloads/majesticsport.centurybreakcap.com/public/vendor/laravel/framework/src/Illuminate/Session/Middleware/StartSession.php(121): Illuminate\\Pipeline\\Pipeline->Illuminate\\Pipeline\\{closure}()
#43 /home/ivanski/Downloads/majesticsport.centurybreakcap.com/public/vendor/laravel/framework/src/Illuminate/Session/Middleware/StartSession.php(64): Illuminate\\Session\\Middleware\\StartSession->handleStatefulRequest()
#44 /home/ivanski/Downloads/majesticsport.centurybreakcap.com/public/vendor/laravel/framework/src/Illuminate/Pipeline/Pipeline.php(167): Illuminate\\Session\\Middleware\\StartSession->handle()
#45 /home/ivanski/Downloads/majesticsport.centurybreakcap.com/public/vendor/laravel/framework/src/Illuminate/Cookie/Middleware/AddQueuedCookiesToResponse.php(37): Illuminate\\Pipeline\\Pipeline->Illuminate\\Pipeline\\{closure}()
#46 /home/ivanski/Downloads/majesticsport.centurybreakcap.com/public/vendor/laravel/framework/src/Illuminate/Pipeline/Pipeline.php(167): Illuminate\\Cookie\\Middleware\\AddQueuedCookiesToResponse->handle()
#47 /home/ivanski/Downloads/majesticsport.centurybreakcap.com/public/vendor/laravel/framework/src/Illuminate/Cookie/Middleware/EncryptCookies.php(67): Illuminate\\Pipeline\\Pipeline->Illuminate\\Pipeline\\{closure}()
#48 /home/ivanski/Downloads/majesticsport.centurybreakcap.com/public/vendor/laravel/framework/src/Illuminate/Pipeline/Pipeline.php(167): Illuminate\\Cookie\\Middleware\\EncryptCookies->handle()
#49 /home/ivanski/Downloads/majesticsport.centurybreakcap.com/public/vendor/laravel/framework/src/Illuminate/Pipeline/Pipeline.php(103): Illuminate\\Pipeline\\Pipeline->Illuminate\\Pipeline\\{closure}()
#50 /home/ivanski/Downloads/majesticsport.centurybreakcap.com/public/vendor/laravel/framework/src/Illuminate/Routing/Router.php(723): Illuminate\\Pipeline\\Pipeline->then()
#51 /home/ivanski/Downloads/majesticsport.centurybreakcap.com/public/vendor/laravel/framework/src/Illuminate/Routing/Router.php(698): Illuminate\\Routing\\Router->runRouteWithinStack()
#52 /home/ivanski/Downloads/majesticsport.centurybreakcap.com/public/vendor/laravel/framework/src/Illuminate/Routing/Router.php(662): Illuminate\\Routing\\Router->runRoute()
#53 /home/ivanski/Downloads/majesticsport.centurybreakcap.com/public/vendor/laravel/framework/src/Illuminate/Routing/Router.php(651): Illuminate\\Routing\\Router->dispatchToRoute()
#54 /home/ivanski/Downloads/majesticsport.centurybreakcap.com/public/vendor/laravel/framework/src/Illuminate/Foundation/Http/Kernel.php(167): Illuminate\\Routing\\Router->dispatch()
#55 /home/ivanski/Downloads/majesticsport.centurybreakcap.com/public/vendor/laravel/framework/src/Illuminate/Pipeline/Pipeline.php(128): Illuminate\\Foundation\\Http\\Kernel->Illuminate\\Foundation\\Http\\{closure}()
#56 /home/ivanski/Downloads/majesticsport.centurybreakcap.com/public/vendor/laravel/framework/src/Illuminate/Foundation/Http/Middleware/TransformsRequest.php(21): Illuminate\\Pipeline\\Pipeline->Illuminate\\Pipeline\\{closure}()
#57 /home/ivanski/Downloads/majesticsport.centurybreakcap.com/public/vendor/laravel/framework/src/Illuminate/Foundation/Http/Middleware/ConvertEmptyStringsToNull.php(31): Illuminate\\Foundation\\Http\\Middleware\\TransformsRequest->handle()
#58 /home/ivanski/Downloads/majesticsport.centurybreakcap.com/public/vendor/laravel/framework/src/Illuminate/Pipeline/Pipeline.php(167): Illuminate\\Foundation\\Http\\Middleware\\ConvertEmptyStringsToNull->handle()
#59 /home/ivanski/Downloads/majesticsport.centurybreakcap.com/public/vendor/laravel/framework/src/Illuminate/Foundation/Http/Middleware/TransformsRequest.php(21): Illuminate\\Pipeline\\Pipeline->Illuminate\\Pipeline\\{closure}()
#60 /home/ivanski/Downloads/majesticsport.centurybreakcap.com/public/vendor/laravel/framework/src/Illuminate/Foundation/Http/Middleware/TrimStrings.php(40): Illuminate\\Foundation\\Http\\Middleware\\TransformsRequest->handle()
#61 /home/ivanski/Downloads/majesticsport.centurybreakcap.com/public/vendor/laravel/framework/src/Illuminate/Pipeline/Pipeline.php(167): Illuminate\\Foundation\\Http\\Middleware\\TrimStrings->handle()
#62 /home/ivanski/Downloads/majesticsport.centurybreakcap.com/public/vendor/laravel/framework/src/Illuminate/Foundation/Http/Middleware/ValidatePostSize.php(27): Illuminate\\Pipeline\\Pipeline->Illuminate\\Pipeline\\{closure}()
#63 /home/ivanski/Downloads/majesticsport.centurybreakcap.com/public/vendor/laravel/framework/src/Illuminate/Pipeline/Pipeline.php(167): Illuminate\\Foundation\\Http\\Middleware\\ValidatePostSize->handle()
#64 /home/ivanski/Downloads/majesticsport.centurybreakcap.com/public/vendor/laravel/framework/src/Illuminate/Foundation/Http/Middleware/PreventRequestsDuringMaintenance.php(86): Illuminate\\Pipeline\\Pipeline->Illuminate\\Pipeline\\{closure}()
#65 /home/ivanski/Downloads/majesticsport.centurybreakcap.com/public/vendor/laravel/framework/src/Illuminate/Pipeline/Pipeline.php(167): Illuminate\\Foundation\\Http\\Middleware\\PreventRequestsDuringMaintenance->handle()
#66 /home/ivanski/Downloads/majesticsport.centurybreakcap.com/public/vendor/fruitcake/laravel-cors/src/HandleCors.php(38): Illuminate\\Pipeline\\Pipeline->Illuminate\\Pipeline\\{closure}()
#67 /home/ivanski/Downloads/majesticsport.centurybreakcap.com/public/vendor/laravel/framework/src/Illuminate/Pipeline/Pipeline.php(167): Fruitcake\\Cors\\HandleCors->handle()
#68 /home/ivanski/Downloads/majesticsport.centurybreakcap.com/public/vendor/fideloper/proxy/src/TrustProxies.php(57): Illuminate\\Pipeline\\Pipeline->Illuminate\\Pipeline\\{closure}()
#69 /home/ivanski/Downloads/majesticsport.centurybreakcap.com/public/vendor/laravel/framework/src/Illuminate/Pipeline/Pipeline.php(167): Fideloper\\Proxy\\TrustProxies->handle()
#70 /home/ivanski/Downloads/majesticsport.centurybreakcap.com/public/vendor/laravel/framework/src/Illuminate/Pipeline/Pipeline.php(103): Illuminate\\Pipeline\\Pipeline->Illuminate\\Pipeline\\{closure}()
#71 /home/ivanski/Downloads/majesticsport.centurybreakcap.com/public/vendor/laravel/framework/src/Illuminate/Foundation/Http/Kernel.php(142): Illuminate\\Pipeline\\Pipeline->then()
#72 /home/ivanski/Downloads/majesticsport.centurybreakcap.com/public/vendor/laravel/framework/src/Illuminate/Foundation/Http/Kernel.php(111): Illuminate\\Foundation\\Http\\Kernel->sendRequestThroughRouter()
#73 /home/ivanski/Downloads/majesticsport.centurybreakcap.com/public/index.php(52): Illuminate\\Foundation\\Http\\Kernel->handle()
#74 /home/ivanski/Downloads/majesticsport.centurybreakcap.com/server.php(21): require_once('...')
#75 {main}
"} 
